<!DOCTYPE html PUBLIC "-//W3C//DTD XHTML 1.0 Transitional//EN" "http://www.w3.org/TR/xhtml1/DTD/xhtml1-transitional.dtd">
<!-- Generated by Apache Maven Doxia Site Renderer 1.4 at 2014-06-13 -->
<html xmlns="http://www.w3.org/1999/xhtml" xml:lang="en" lang="en">
  <head>
    <meta http-equiv="Content-Type" content="text/html; charset=UTF-8" />
    <title>Title_Validation_E2E - Surefire Report</title>
    <style type="text/css" media="all">
      @import url("./css/maven-base.css");
      @import url("./css/maven-theme.css");
      @import url("./css/site.css");
    </style>
    <link rel="stylesheet" href="./css/print.css" type="text/css" media="print" />
    <meta name="Date-Revision-yyyymmdd" content="20140613" />
    <meta http-equiv="Content-Language" content="en" />
        
        </head>
  <body class="composite">
    <div id="banner">
                    <div id="bannerLeft">
                Title_Validation_E2E
                </div>
                    <div class="clear">
        <hr/>
      </div>
    </div>
    <div id="breadcrumbs">
            
                    
                <div class="xleft">
        <span id="publishDate">Last Published: 2014-06-13</span>
                  &nbsp;| <span id="projectVersion">Version: 1.1</span>
                      </div>
            <div class="xright">                    <a href="./" title="Title_Validation_E2E">Title_Validation_E2E</a>
              
                    
      </div>
      <div class="clear">
        <hr/>
      </div>
    </div>
    <div id="leftColumn">
      <div id="navcolumn">
             
                    
                                          <h5>Project Documentation</h5>
                  <ul>
                                                                                                                                                                                                                                                                                            <li class="collapsed">
                          <a href="project-info.html" title="Project Information">Project Information</a>
                  </li>
                                                                              <li class="expanded">
                          <a href="project-reports.html" title="Project Reports">Project Reports</a>
                    <ul>
                      <li class="none">
            <strong>Surefire Report</strong>
          </li>
              </ul>
        </li>
          </ul>
                             <a href="http://maven.apache.org/" title="Built by Maven" class="poweredBy">
        <img class="poweredBy" alt="Built by Maven" src="./images/logos/maven-feather.png" />
      </a>
                   
                    
            </div>
    </div>
    <div id="bodyColumn">
      <div id="contentBox">
        <script type="text/javascript">
//<![CDATA[
function toggleDisplay(elementId) {
 var elm = document.getElementById(elementId + 'error');
 if (elm && typeof elm.style != "undefined") {
 if (elm.style.display == "none") {
 elm.style.display = "";
 document.getElementById(elementId + 'off').style.display = "none";
 document.getElementById(elementId + 'on').style.display = "inline";
 } else if (elm.style.display == "") { elm.style.display = "none";
 document.getElementById(elementId + 'off').style.display = "inline";
 document.getElementById(elementId + 'on').style.display = "none";
 } 
 } 
 }
//]]>
</script>
<div class="section">
<h2>Surefire Report<a name="Surefire_Report"></a></h2></div>
<div class="section">
<h2>Summary<a name="Summary"></a></h2><a name="Summary"></a>
<p>[<a href="#Summary">Summary</a>] [<a href="#Package_List">Package List</a>] [<a href="#Test_Cases">Test Cases</a>]</p><br />
<table border="1" class="bodyTable">
<tr class="a">
<th>Tests</th>
<th>Errors </th>
<th>Failures</th>
<th>Skipped</th>
<th>Success Rate</th>
<th>Time</th></tr>
<tr class="b">
<td>25</td>
<td>0</td>
<td>21</td>
<td>0</td>
<td>16%</td>
<td>0.035</td></tr></table><br />
<p>Note: failures are anticipated and checked for with assertions while errors are unanticipated.</p><br /></div>
<div class="section">
<h2>Package List<a name="Package_List"></a></h2><a name="Package_List"></a>
<p>[<a href="#Summary">Summary</a>] [<a href="#Package_List">Package List</a>] [<a href="#Test_Cases">Test Cases</a>]</p><br />
<table border="1" class="bodyTable">
<tr class="a">
<th>Package</th>
<th>Tests</th>
<th>Errors </th>
<th>Failures</th>
<th>Skipped</th>
<th>Success Rate</th>
<th>Time</th></tr>
<tr class="b">
<td><a href="#core">core</a></td>
<td>25</td>
<td>0</td>
<td>21</td>
<td>0</td>
<td>16%</td>
<td>0.035</td></tr></table><br />
<p>Note: package statistics are not computed recursively, they only sum up all of its testsuites numbers.</p>
<div class="section">
<h3>core<a name="core"></a></h3><a name="core"></a>
<table border="1" class="bodyTable">
<tr class="a">
<th></th>
<th>Class</th>
<th>Tests</th>
<th>Errors </th>
<th>Failures</th>
<th>Skipped</th>
<th>Success Rate</th>
<th>Time</th></tr>
<tr class="b">
<td><a href="#coreSeleniumTest"><img src="images/icon_warning_sml.gif" alt="" /></a></td>
<td><a href="#coreSeleniumTest">SeleniumTest</a></td>
<td>25</td>
<td>0</td>
<td>21</td>
<td>0</td>
<td>16%</td>
<td>0.035</td></tr></table></div><br /></div>
<div class="section">
<h2>Test Cases<a name="Test_Cases"></a></h2><a name="Test_Cases"></a>
<p>[<a href="#Summary">Summary</a>] [<a href="#Package_List">Package List</a>] [<a href="#Test_Cases">Test Cases</a>]</p>
<div class="section">
<h3>SeleniumTest<a name="SeleniumTest"></a></h3><a name="coreSeleniumTest"></a>
<table border="1" class="bodyTable">
<tr class="a">
<td><img src="images/icon_success_sml.gif" alt="" /></td>
<td>test_Title_Validation[Iteration # 0 : exp: learn2test.net; act: learn2test.net]</td>
<td>0.003</td></tr>
<tr class="b">
<td><img src="images/icon_success_sml.gif" alt="" /></td>
<td>test_Title_Validation[Iteration # 1 : exp: www.alegro.com; act: www.alegro.com]</td>
<td>0</td></tr>
<tr class="a">
<td><img src="images/icon_success_sml.gif" alt="" /></td>
<td>test_Title_Validation[Iteration # 2 : exp: www.alegro.net; act: www.alegro.net]</td>
<td>0</td></tr>
<tr class="b">
<td><a href="#core.SeleniumTest.test_Title_Validation[Iteration # 3 : exp: learn; act: learn2test.net]"><img src="images/icon_error_sml.gif" alt="" /></a></td>
<td><a href="#core.SeleniumTest.test_Title_Validation[Iteration # 3 : exp: learn; act: learn2test.net]">test_Title_Validation[Iteration # 3 : exp: learn; act: learn2test.net]</a>
<div class="detailToggle" style="display:inline"><a href="javascript:toggleDisplay(&apos;core_SeleniumTest_test_Title_Validation[Iteration # 3 : exp: learn; act: learn2test_net]&apos;);"><span style="display:inline;" id="core_SeleniumTest_test_Title_Validation[Iteration # 3 : exp: learn; act: learn2test_net]off"> + </span><span style="display:none;" id="core_SeleniumTest_test_Title_Validation[Iteration # 3 : exp: learn; act: learn2test_net]on"> - </span>[ Detail ]</a></div></td>
<td>0.004</td></tr>
<tr class="a">
<td></td>
<td>FAILED expected:&lt;learn[]&gt; but was:&lt;learn[2test.net]&gt;</td>
<td></td></tr>
<tr class="b">
<td></td>
<td>
<div id="core_SeleniumTest_test_Title_Validation[Iteration # 3 : exp: learn; act: learn2test_net]error" style="display:none;">
<div>
<pre>org.junit.ComparisonFailure: FAILED expected:&lt;learn[]&gt; but was:&lt;learn[2test.net]&gt;</pre></div></div></td>
<td></td></tr>
<tr class="a">
<td><a href="#core.SeleniumTest.test_Title_Validation[Iteration # 4 : exp: learn2test.com; act: learn2test.net]"><img src="images/icon_error_sml.gif" alt="" /></a></td>
<td><a href="#core.SeleniumTest.test_Title_Validation[Iteration # 4 : exp: learn2test.com; act: learn2test.net]">test_Title_Validation[Iteration # 4 : exp: learn2test.com; act: learn2test.net]</a>
<div class="detailToggle" style="display:inline"><a href="javascript:toggleDisplay(&apos;core_SeleniumTest_test_Title_Validation[Iteration # 4 : exp: learn2test_com; act: learn2test_net]&apos;);"><span style="display:inline;" id="core_SeleniumTest_test_Title_Validation[Iteration # 4 : exp: learn2test_com; act: learn2test_net]off"> + </span><span style="display:none;" id="core_SeleniumTest_test_Title_Validation[Iteration # 4 : exp: learn2test_com; act: learn2test_net]on"> - </span>[ Detail ]</a></div></td>
<td>0</td></tr>
<tr class="b">
<td></td>
<td>FAILED expected:&lt;learn2test.[com]&gt; but was:&lt;learn2test.[net]&gt;</td>
<td></td></tr>
<tr class="a">
<td></td>
<td>
<div id="core_SeleniumTest_test_Title_Validation[Iteration # 4 : exp: learn2test_com; act: learn2test_net]error" style="display:none;">
<div>
<pre>org.junit.ComparisonFailure: FAILED expected:&lt;learn2test.[com]&gt; but was:&lt;learn2test.[net]&gt;</pre></div></div></td>
<td></td></tr>
<tr class="b">
<td><a href="#core.SeleniumTest.test_Title_Validation[Iteration # 5 : exp: learn2test; act: learn2test.net]"><img src="images/icon_error_sml.gif" alt="" /></a></td>
<td><a href="#core.SeleniumTest.test_Title_Validation[Iteration # 5 : exp: learn2test; act: learn2test.net]">test_Title_Validation[Iteration # 5 : exp: learn2test; act: learn2test.net]</a>
<div class="detailToggle" style="display:inline"><a href="javascript:toggleDisplay(&apos;core_SeleniumTest_test_Title_Validation[Iteration # 5 : exp: learn2test; act: learn2test_net]&apos;);"><span style="display:inline;" id="core_SeleniumTest_test_Title_Validation[Iteration # 5 : exp: learn2test; act: learn2test_net]off"> + </span><span style="display:none;" id="core_SeleniumTest_test_Title_Validation[Iteration # 5 : exp: learn2test; act: learn2test_net]on"> - </span>[ Detail ]</a></div></td>
<td>0</td></tr>
<tr class="a">
<td></td>
<td>FAILED expected:&lt;learn2test[]&gt; but was:&lt;learn2test[.net]&gt;</td>
<td></td></tr>
<tr class="b">
<td></td>
<td>
<div id="core_SeleniumTest_test_Title_Validation[Iteration # 5 : exp: learn2test; act: learn2test_net]error" style="display:none;">
<div>
<pre>org.junit.ComparisonFailure: FAILED expected:&lt;learn2test[]&gt; but was:&lt;learn2test[.net]&gt;</pre></div></div></td>
<td></td></tr>
<tr class="a">
<td><a href="#core.SeleniumTest.test_Title_Validation[Iteration # 6 : exp: Tutorials for jQueryUI; act: Tutorials for LISP, jQueryUI, QC, D Programming, JCL, Computer Programming, Cloud Computing, Java DIP, Bootstrap, Lua, DBMS, QTP, Data Mining, Javamail API, MongoDB, Git, Swing, Objective C, Android, jMeter, Data Communication, MIS, AWT, SVN, TestNG, VBScript, MATLAB, EJB, IPv6, IPv4, E-Commerce, PostgreSQL, SQLite, SDLC, Assembly, Operating System, JasperReports, JSON, iOS, Design Pattern, VB.Net, Computer Fundamentals, JSF, C Sharp, Flex, GWT, PL/SQL, Eclipse, JUnit, Pascal, Maven, Scala, Spring, Struts 2, HTML5, ANT, iBATIS, log4j, Hibernate, JSP, JAVA, JDBC, AJAX, WAP, SQL, MySQL, C/C++, PERL, PHP, Ruby, Ruby on Rails, Python, HTML, XHTML, CSS, CGI, Shell, Unix, JavaScript, jQuery, Radius, UML, GPRS, GSM,i-Mode, WiFi, WML, WiMax, SOAP, UDDI, Socket, WSDL, Makefile, Prototype, Six Sigma, CMMI, EVM, PMP Exams]"><img src="images/icon_error_sml.gif" alt="" /></a></td>
<td><a href="#core.SeleniumTest.test_Title_Validation[Iteration # 6 : exp: Tutorials for jQueryUI; act: Tutorials for LISP, jQueryUI, QC, D Programming, JCL, Computer Programming, Cloud Computing, Java DIP, Bootstrap, Lua, DBMS, QTP, Data Mining, Javamail API, MongoDB, Git, Swing, Objective C, Android, jMeter, Data Communication, MIS, AWT, SVN, TestNG, VBScript, MATLAB, EJB, IPv6, IPv4, E-Commerce, PostgreSQL, SQLite, SDLC, Assembly, Operating System, JasperReports, JSON, iOS, Design Pattern, VB.Net, Computer Fundamentals, JSF, C Sharp, Flex, GWT, PL/SQL, Eclipse, JUnit, Pascal, Maven, Scala, Spring, Struts 2, HTML5, ANT, iBATIS, log4j, Hibernate, JSP, JAVA, JDBC, AJAX, WAP, SQL, MySQL, C/C++, PERL, PHP, Ruby, Ruby on Rails, Python, HTML, XHTML, CSS, CGI, Shell, Unix, JavaScript, jQuery, Radius, UML, GPRS, GSM,i-Mode, WiFi, WML, WiMax, SOAP, UDDI, Socket, WSDL, Makefile, Prototype, Six Sigma, CMMI, EVM, PMP Exams]">test_Title_Validation[Iteration # 6 : exp: Tutorials for jQueryUI; act: Tutorials for LISP, jQueryUI, QC, D Programming, JCL, Computer Programming, Cloud Computing, Java DIP, Bootstrap, Lua, DBMS, QTP, Data Mining, Javamail API, MongoDB, Git, Swing, Objective C, Android, jMeter, Data Communication, MIS, AWT, SVN, TestNG, VBScript, MATLAB, EJB, IPv6, IPv4, E-Commerce, PostgreSQL, SQLite, SDLC, Assembly, Operating System, JasperReports, JSON, iOS, Design Pattern, VB.Net, Computer Fundamentals, JSF, C Sharp, Flex, GWT, PL/SQL, Eclipse, JUnit, Pascal, Maven, Scala, Spring, Struts 2, HTML5, ANT, iBATIS, log4j, Hibernate, JSP, JAVA, JDBC, AJAX, WAP, SQL, MySQL, C/C++, PERL, PHP, Ruby, Ruby on Rails, Python, HTML, XHTML, CSS, CGI, Shell, Unix, JavaScript, jQuery, Radius, UML, GPRS, GSM,i-Mode, WiFi, WML, WiMax, SOAP, UDDI, Socket, WSDL, Makefile, Prototype, Six Sigma, CMMI, EVM, PMP Exams]</a>
<div class="detailToggle" style="display:inline"><a href="javascript:toggleDisplay(&apos;core_SeleniumTest_test_Title_Validation[Iteration # 6 : exp: Tutorials for jQueryUI; act: Tutorials for LISP, jQueryUI, QC, D Programming, JCL, Computer Programming, Cloud Computing, Java DIP, Bootstrap, Lua, DBMS, QTP, Data Mining, Javamail API, MongoDB, Git, Swing, Objective C, Android, jMeter, Data Communication, MIS, AWT, SVN, TestNG, VBScript, MATLAB, EJB, IPv6, IPv4, E-Commerce, PostgreSQL, SQLite, SDLC, Assembly, Operating System, JasperReports, JSON, iOS, Design Pattern, VB_Net, Computer Fundamentals, JSF, C Sharp, Flex, GWT, PL/SQL, Eclipse, JUnit, Pascal, Maven, Scala, Spring, Struts 2, HTML5, ANT, iBATIS, log4j, Hibernate, JSP, JAVA, JDBC, AJAX, WAP, SQL, MySQL, C/C++, PERL, PHP, Ruby, Ruby on Rails, Python, HTML, XHTML, CSS, CGI, Shell, Unix, JavaScript, jQuery, Radius, UML, GPRS, GSM,i-Mode, WiFi, WML, WiMax, SOAP, UDDI, Socket, WSDL, Makefile, Prototype, Six Sigma, CMMI, EVM, PMP Exams]&apos;);"><span style="display:inline;" id="core_SeleniumTest_test_Title_Validation[Iteration # 6 : exp: Tutorials for jQueryUI; act: Tutorials for LISP, jQueryUI, QC, D Programming, JCL, Computer Programming, Cloud Computing, Java DIP, Bootstrap, Lua, DBMS, QTP, Data Mining, Javamail API, MongoDB, Git, Swing, Objective C, Android, jMeter, Data Communication, MIS, AWT, SVN, TestNG, VBScript, MATLAB, EJB, IPv6, IPv4, E-Commerce, PostgreSQL, SQLite, SDLC, Assembly, Operating System, JasperReports, JSON, iOS, Design Pattern, VB_Net, Computer Fundamentals, JSF, C Sharp, Flex, GWT, PL/SQL, Eclipse, JUnit, Pascal, Maven, Scala, Spring, Struts 2, HTML5, ANT, iBATIS, log4j, Hibernate, JSP, JAVA, JDBC, AJAX, WAP, SQL, MySQL, C/C++, PERL, PHP, Ruby, Ruby on Rails, Python, HTML, XHTML, CSS, CGI, Shell, Unix, JavaScript, jQuery, Radius, UML, GPRS, GSM,i-Mode, WiFi, WML, WiMax, SOAP, UDDI, Socket, WSDL, Makefile, Prototype, Six Sigma, CMMI, EVM, PMP Exams]off"> + </span><span style="display:none;" id="core_SeleniumTest_test_Title_Validation[Iteration # 6 : exp: Tutorials for jQueryUI; act: Tutorials for LISP, jQueryUI, QC, D Programming, JCL, Computer Programming, Cloud Computing, Java DIP, Bootstrap, Lua, DBMS, QTP, Data Mining, Javamail API, MongoDB, Git, Swing, Objective C, Android, jMeter, Data Communication, MIS, AWT, SVN, TestNG, VBScript, MATLAB, EJB, IPv6, IPv4, E-Commerce, PostgreSQL, SQLite, SDLC, Assembly, Operating System, JasperReports, JSON, iOS, Design Pattern, VB_Net, Computer Fundamentals, JSF, C Sharp, Flex, GWT, PL/SQL, Eclipse, JUnit, Pascal, Maven, Scala, Spring, Struts 2, HTML5, ANT, iBATIS, log4j, Hibernate, JSP, JAVA, JDBC, AJAX, WAP, SQL, MySQL, C/C++, PERL, PHP, Ruby, Ruby on Rails, Python, HTML, XHTML, CSS, CGI, Shell, Unix, JavaScript, jQuery, Radius, UML, GPRS, GSM,i-Mode, WiFi, WML, WiMax, SOAP, UDDI, Socket, WSDL, Makefile, Prototype, Six Sigma, CMMI, EVM, PMP Exams]on"> - </span>[ Detail ]</a></div></td>
<td>0.002</td></tr>
<tr class="b">
<td></td>
<td>FAILED expected:&lt;Tutorials for [jQueryUI]&gt; but was:&lt;Tutorials for [LISP, jQueryUI, QC, D Programming, JCL, Computer Programming, Cloud Computing, Java DIP, Bootstrap, Lua, DBMS, QTP, Data Mining, Javamail API, MongoDB, Git, Swing, Objective C, Android, jMeter, Data Communication, MIS, AWT, SVN, TestNG, VBScript, MATLAB, EJB, IPv6, IPv4, E-Commerce, PostgreSQL, SQLite, SDLC, Assembly, Operating System, JasperReports, JSON, iOS, Design Pattern, VB.Net, Computer Fundamentals, JSF, C Sharp, Flex, GWT, PL/SQL, Eclipse, JUnit, Pascal, Maven, Scala, Spring, Struts 2, HTML5, ANT, iBATIS, log4j, Hibernate, JSP, JAVA, JDBC, AJAX, WAP, SQL, MySQL, C/C++, PERL, PHP, Ruby, Ruby on Rails, Python, HTML, XHTML, CSS, CGI, Shell, Unix, JavaScript, jQuery, Radius, UML, GPRS, GSM,i-Mode, WiFi, WML, WiMax, SOAP, UDDI, Socket, WSDL, Makefile, Prototype, Six Sigma, CMMI, EVM, PMP Exams]&gt;</td>
<td></td></tr>
<tr class="a">
<td></td>
<td>
<div id="core_SeleniumTest_test_Title_Validation[Iteration # 6 : exp: Tutorials for jQueryUI; act: Tutorials for LISP, jQueryUI, QC, D Programming, JCL, Computer Programming, Cloud Computing, Java DIP, Bootstrap, Lua, DBMS, QTP, Data Mining, Javamail API, MongoDB, Git, Swing, Objective C, Android, jMeter, Data Communication, MIS, AWT, SVN, TestNG, VBScript, MATLAB, EJB, IPv6, IPv4, E-Commerce, PostgreSQL, SQLite, SDLC, Assembly, Operating System, JasperReports, JSON, iOS, Design Pattern, VB_Net, Computer Fundamentals, JSF, C Sharp, Flex, GWT, PL/SQL, Eclipse, JUnit, Pascal, Maven, Scala, Spring, Struts 2, HTML5, ANT, iBATIS, log4j, Hibernate, JSP, JAVA, JDBC, AJAX, WAP, SQL, MySQL, C/C++, PERL, PHP, Ruby, Ruby on Rails, Python, HTML, XHTML, CSS, CGI, Shell, Unix, JavaScript, jQuery, Radius, UML, GPRS, GSM,i-Mode, WiFi, WML, WiMax, SOAP, UDDI, Socket, WSDL, Makefile, Prototype, Six Sigma, CMMI, EVM, PMP Exams]error" style="display:none;">
<div>
<pre>org.junit.ComparisonFailure: FAILED expected:&lt;Tutorials for [jQueryUI]&gt; but was:&lt;Tutorials for [LISP, jQueryUI, QC, D Programming, JCL, Computer Programming, Cloud Computing, Java DIP, Bootstrap, Lua, DBMS, QTP, Data Mining, Javamail API, MongoDB, Git, Swing, Objective C, Android, jMeter, Data Communication, MIS, AWT, SVN, TestNG, VBScript, MATLAB, EJB, IPv6, IPv4, E-Commerce, PostgreSQL, SQLite, SDLC, Assembly, Operating System, JasperReports, JSON, iOS, Design Pattern, VB.Net, Computer Fundamentals, JSF, C Sharp, Flex, GWT, PL/SQL, Eclipse, JUnit, Pascal, Maven, Scala, Spring, Struts 2, HTML5, ANT, iBATIS, log4j, Hibernate, JSP, JAVA, JDBC, AJAX, WAP, SQL, MySQL, C/C++, PERL, PHP, Ruby, Ruby on Rails, Python, HTML, XHTML, CSS, CGI, Shell, Unix, JavaScript, jQuery, Radius, UML, GPRS, GSM,i-Mode, WiFi, WML, WiMax, SOAP, UDDI, Socket, WSDL, Makefile, Prototype, Six Sigma, CMMI, EVM, PMP Exams]&gt;</pre></div></div></td>
<td></td></tr>
<tr class="b">
<td><a href="#core.SeleniumTest.test_Title_Validation[Iteration # 7 : exp: Tutorials; act: Tutorials for LISP, jQueryUI, QC, D Programming, JCL, Computer Programming, Cloud Computing, Java DIP, Bootstrap, Lua, DBMS, QTP, Data Mining, Javamail API, MongoDB, Git, Swing, Objective C, Android, jMeter, Data Communication, MIS, AWT, SVN, TestNG, VBScript, MATLAB, EJB, IPv6, IPv4, E-Commerce, PostgreSQL, SQLite, SDLC, Assembly, Operating System, JasperReports, JSON, iOS, Design Pattern, VB.Net, Computer Fundamentals, JSF, C Sharp, Flex, GWT, PL/SQL, Eclipse, JUnit, Pascal, Maven, Scala, Spring, Struts 2, HTML5, ANT, iBATIS, log4j, Hibernate, JSP, JAVA, JDBC, AJAX, WAP, SQL, MySQL, C/C++, PERL, PHP, Ruby, Ruby on Rails, Python, HTML, XHTML, CSS, CGI, Shell, Unix, JavaScript, jQuery, Radius, UML, GPRS, GSM,i-Mode, WiFi, WML, WiMax, SOAP, UDDI, Socket, WSDL, Makefile, Prototype, Six Sigma, CMMI, EVM, PMP Exams]"><img src="images/icon_error_sml.gif" alt="" /></a></td>
<td><a href="#core.SeleniumTest.test_Title_Validation[Iteration # 7 : exp: Tutorials; act: Tutorials for LISP, jQueryUI, QC, D Programming, JCL, Computer Programming, Cloud Computing, Java DIP, Bootstrap, Lua, DBMS, QTP, Data Mining, Javamail API, MongoDB, Git, Swing, Objective C, Android, jMeter, Data Communication, MIS, AWT, SVN, TestNG, VBScript, MATLAB, EJB, IPv6, IPv4, E-Commerce, PostgreSQL, SQLite, SDLC, Assembly, Operating System, JasperReports, JSON, iOS, Design Pattern, VB.Net, Computer Fundamentals, JSF, C Sharp, Flex, GWT, PL/SQL, Eclipse, JUnit, Pascal, Maven, Scala, Spring, Struts 2, HTML5, ANT, iBATIS, log4j, Hibernate, JSP, JAVA, JDBC, AJAX, WAP, SQL, MySQL, C/C++, PERL, PHP, Ruby, Ruby on Rails, Python, HTML, XHTML, CSS, CGI, Shell, Unix, JavaScript, jQuery, Radius, UML, GPRS, GSM,i-Mode, WiFi, WML, WiMax, SOAP, UDDI, Socket, WSDL, Makefile, Prototype, Six Sigma, CMMI, EVM, PMP Exams]">test_Title_Validation[Iteration # 7 : exp: Tutorials; act: Tutorials for LISP, jQueryUI, QC, D Programming, JCL, Computer Programming, Cloud Computing, Java DIP, Bootstrap, Lua, DBMS, QTP, Data Mining, Javamail API, MongoDB, Git, Swing, Objective C, Android, jMeter, Data Communication, MIS, AWT, SVN, TestNG, VBScript, MATLAB, EJB, IPv6, IPv4, E-Commerce, PostgreSQL, SQLite, SDLC, Assembly, Operating System, JasperReports, JSON, iOS, Design Pattern, VB.Net, Computer Fundamentals, JSF, C Sharp, Flex, GWT, PL/SQL, Eclipse, JUnit, Pascal, Maven, Scala, Spring, Struts 2, HTML5, ANT, iBATIS, log4j, Hibernate, JSP, JAVA, JDBC, AJAX, WAP, SQL, MySQL, C/C++, PERL, PHP, Ruby, Ruby on Rails, Python, HTML, XHTML, CSS, CGI, Shell, Unix, JavaScript, jQuery, Radius, UML, GPRS, GSM,i-Mode, WiFi, WML, WiMax, SOAP, UDDI, Socket, WSDL, Makefile, Prototype, Six Sigma, CMMI, EVM, PMP Exams]</a>
<div class="detailToggle" style="display:inline"><a href="javascript:toggleDisplay(&apos;core_SeleniumTest_test_Title_Validation[Iteration # 7 : exp: Tutorials; act: Tutorials for LISP, jQueryUI, QC, D Programming, JCL, Computer Programming, Cloud Computing, Java DIP, Bootstrap, Lua, DBMS, QTP, Data Mining, Javamail API, MongoDB, Git, Swing, Objective C, Android, jMeter, Data Communication, MIS, AWT, SVN, TestNG, VBScript, MATLAB, EJB, IPv6, IPv4, E-Commerce, PostgreSQL, SQLite, SDLC, Assembly, Operating System, JasperReports, JSON, iOS, Design Pattern, VB_Net, Computer Fundamentals, JSF, C Sharp, Flex, GWT, PL/SQL, Eclipse, JUnit, Pascal, Maven, Scala, Spring, Struts 2, HTML5, ANT, iBATIS, log4j, Hibernate, JSP, JAVA, JDBC, AJAX, WAP, SQL, MySQL, C/C++, PERL, PHP, Ruby, Ruby on Rails, Python, HTML, XHTML, CSS, CGI, Shell, Unix, JavaScript, jQuery, Radius, UML, GPRS, GSM,i-Mode, WiFi, WML, WiMax, SOAP, UDDI, Socket, WSDL, Makefile, Prototype, Six Sigma, CMMI, EVM, PMP Exams]&apos;);"><span style="display:inline;" id="core_SeleniumTest_test_Title_Validation[Iteration # 7 : exp: Tutorials; act: Tutorials for LISP, jQueryUI, QC, D Programming, JCL, Computer Programming, Cloud Computing, Java DIP, Bootstrap, Lua, DBMS, QTP, Data Mining, Javamail API, MongoDB, Git, Swing, Objective C, Android, jMeter, Data Communication, MIS, AWT, SVN, TestNG, VBScript, MATLAB, EJB, IPv6, IPv4, E-Commerce, PostgreSQL, SQLite, SDLC, Assembly, Operating System, JasperReports, JSON, iOS, Design Pattern, VB_Net, Computer Fundamentals, JSF, C Sharp, Flex, GWT, PL/SQL, Eclipse, JUnit, Pascal, Maven, Scala, Spring, Struts 2, HTML5, ANT, iBATIS, log4j, Hibernate, JSP, JAVA, JDBC, AJAX, WAP, SQL, MySQL, C/C++, PERL, PHP, Ruby, Ruby on Rails, Python, HTML, XHTML, CSS, CGI, Shell, Unix, JavaScript, jQuery, Radius, UML, GPRS, GSM,i-Mode, WiFi, WML, WiMax, SOAP, UDDI, Socket, WSDL, Makefile, Prototype, Six Sigma, CMMI, EVM, PMP Exams]off"> + </span><span style="display:none;" id="core_SeleniumTest_test_Title_Validation[Iteration # 7 : exp: Tutorials; act: Tutorials for LISP, jQueryUI, QC, D Programming, JCL, Computer Programming, Cloud Computing, Java DIP, Bootstrap, Lua, DBMS, QTP, Data Mining, Javamail API, MongoDB, Git, Swing, Objective C, Android, jMeter, Data Communication, MIS, AWT, SVN, TestNG, VBScript, MATLAB, EJB, IPv6, IPv4, E-Commerce, PostgreSQL, SQLite, SDLC, Assembly, Operating System, JasperReports, JSON, iOS, Design Pattern, VB_Net, Computer Fundamentals, JSF, C Sharp, Flex, GWT, PL/SQL, Eclipse, JUnit, Pascal, Maven, Scala, Spring, Struts 2, HTML5, ANT, iBATIS, log4j, Hibernate, JSP, JAVA, JDBC, AJAX, WAP, SQL, MySQL, C/C++, PERL, PHP, Ruby, Ruby on Rails, Python, HTML, XHTML, CSS, CGI, Shell, Unix, JavaScript, jQuery, Radius, UML, GPRS, GSM,i-Mode, WiFi, WML, WiMax, SOAP, UDDI, Socket, WSDL, Makefile, Prototype, Six Sigma, CMMI, EVM, PMP Exams]on"> - </span>[ Detail ]</a></div></td>
<td>0.002</td></tr>
<tr class="a">
<td></td>
<td>FAILED expected:&lt;Tutorials[]&gt; but was:&lt;Tutorials[ for LISP, jQueryUI, QC, D Programming, JCL, Computer Programming, Cloud Computing, Java DIP, Bootstrap, Lua, DBMS, QTP, Data Mining, Javamail API, MongoDB, Git, Swing, Objective C, Android, jMeter, Data Communication, MIS, AWT, SVN, TestNG, VBScript, MATLAB, EJB, IPv6, IPv4, E-Commerce, PostgreSQL, SQLite, SDLC, Assembly, Operating System, JasperReports, JSON, iOS, Design Pattern, VB.Net, Computer Fundamentals, JSF, C Sharp, Flex, GWT, PL/SQL, Eclipse, JUnit, Pascal, Maven, Scala, Spring, Struts 2, HTML5, ANT, iBATIS, log4j, Hibernate, JSP, JAVA, JDBC, AJAX, WAP, SQL, MySQL, C/C++, PERL, PHP, Ruby, Ruby on Rails, Python, HTML, XHTML, CSS, CGI, Shell, Unix, JavaScript, jQuery, Radius, UML, GPRS, GSM,i-Mode, WiFi, WML, WiMax, SOAP, UDDI, Socket, WSDL, Makefile, Prototype, Six Sigma, CMMI, EVM, PMP Exams]&gt;</td>
<td></td></tr>
<tr class="b">
<td></td>
<td>
<div id="core_SeleniumTest_test_Title_Validation[Iteration # 7 : exp: Tutorials; act: Tutorials for LISP, jQueryUI, QC, D Programming, JCL, Computer Programming, Cloud Computing, Java DIP, Bootstrap, Lua, DBMS, QTP, Data Mining, Javamail API, MongoDB, Git, Swing, Objective C, Android, jMeter, Data Communication, MIS, AWT, SVN, TestNG, VBScript, MATLAB, EJB, IPv6, IPv4, E-Commerce, PostgreSQL, SQLite, SDLC, Assembly, Operating System, JasperReports, JSON, iOS, Design Pattern, VB_Net, Computer Fundamentals, JSF, C Sharp, Flex, GWT, PL/SQL, Eclipse, JUnit, Pascal, Maven, Scala, Spring, Struts 2, HTML5, ANT, iBATIS, log4j, Hibernate, JSP, JAVA, JDBC, AJAX, WAP, SQL, MySQL, C/C++, PERL, PHP, Ruby, Ruby on Rails, Python, HTML, XHTML, CSS, CGI, Shell, Unix, JavaScript, jQuery, Radius, UML, GPRS, GSM,i-Mode, WiFi, WML, WiMax, SOAP, UDDI, Socket, WSDL, Makefile, Prototype, Six Sigma, CMMI, EVM, PMP Exams]error" style="display:none;">
<div>
<pre>org.junit.ComparisonFailure: FAILED expected:&lt;Tutorials[]&gt; but was:&lt;Tutorials[ for LISP, jQueryUI, QC, D Programming, JCL, Computer Programming, Cloud Computing, Java DIP, Bootstrap, Lua, DBMS, QTP, Data Mining, Javamail API, MongoDB, Git, Swing, Objective C, Android, jMeter, Data Communication, MIS, AWT, SVN, TestNG, VBScript, MATLAB, EJB, IPv6, IPv4, E-Commerce, PostgreSQL, SQLite, SDLC, Assembly, Operating System, JasperReports, JSON, iOS, Design Pattern, VB.Net, Computer Fundamentals, JSF, C Sharp, Flex, GWT, PL/SQL, Eclipse, JUnit, Pascal, Maven, Scala, Spring, Struts 2, HTML5, ANT, iBATIS, log4j, Hibernate, JSP, JAVA, JDBC, AJAX, WAP, SQL, MySQL, C/C++, PERL, PHP, Ruby, Ruby on Rails, Python, HTML, XHTML, CSS, CGI, Shell, Unix, JavaScript, jQuery, Radius, UML, GPRS, GSM,i-Mode, WiFi, WML, WiMax, SOAP, UDDI, Socket, WSDL, Makefile, Prototype, Six Sigma, CMMI, EVM, PMP Exams]&gt;</pre></div></div></td>
<td></td></tr>
<tr class="a">
<td><a href="#core.SeleniumTest.test_Title_Validation[Iteration # 8 : exp: Programming; act: Tutorials for LISP, jQueryUI, QC, D Programming, JCL, Computer Programming, Cloud Computing, Java DIP, Bootstrap, Lua, DBMS, QTP, Data Mining, Javamail API, MongoDB, Git, Swing, Objective C, Android, jMeter, Data Communication, MIS, AWT, SVN, TestNG, VBScript, MATLAB, EJB, IPv6, IPv4, E-Commerce, PostgreSQL, SQLite, SDLC, Assembly, Operating System, JasperReports, JSON, iOS, Design Pattern, VB.Net, Computer Fundamentals, JSF, C Sharp, Flex, GWT, PL/SQL, Eclipse, JUnit, Pascal, Maven, Scala, Spring, Struts 2, HTML5, ANT, iBATIS, log4j, Hibernate, JSP, JAVA, JDBC, AJAX, WAP, SQL, MySQL, C/C++, PERL, PHP, Ruby, Ruby on Rails, Python, HTML, XHTML, CSS, CGI, Shell, Unix, JavaScript, jQuery, Radius, UML, GPRS, GSM,i-Mode, WiFi, WML, WiMax, SOAP, UDDI, Socket, WSDL, Makefile, Prototype, Six Sigma, CMMI, EVM, PMP Exams]"><img src="images/icon_error_sml.gif" alt="" /></a></td>
<td><a href="#core.SeleniumTest.test_Title_Validation[Iteration # 8 : exp: Programming; act: Tutorials for LISP, jQueryUI, QC, D Programming, JCL, Computer Programming, Cloud Computing, Java DIP, Bootstrap, Lua, DBMS, QTP, Data Mining, Javamail API, MongoDB, Git, Swing, Objective C, Android, jMeter, Data Communication, MIS, AWT, SVN, TestNG, VBScript, MATLAB, EJB, IPv6, IPv4, E-Commerce, PostgreSQL, SQLite, SDLC, Assembly, Operating System, JasperReports, JSON, iOS, Design Pattern, VB.Net, Computer Fundamentals, JSF, C Sharp, Flex, GWT, PL/SQL, Eclipse, JUnit, Pascal, Maven, Scala, Spring, Struts 2, HTML5, ANT, iBATIS, log4j, Hibernate, JSP, JAVA, JDBC, AJAX, WAP, SQL, MySQL, C/C++, PERL, PHP, Ruby, Ruby on Rails, Python, HTML, XHTML, CSS, CGI, Shell, Unix, JavaScript, jQuery, Radius, UML, GPRS, GSM,i-Mode, WiFi, WML, WiMax, SOAP, UDDI, Socket, WSDL, Makefile, Prototype, Six Sigma, CMMI, EVM, PMP Exams]">test_Title_Validation[Iteration # 8 : exp: Programming; act: Tutorials for LISP, jQueryUI, QC, D Programming, JCL, Computer Programming, Cloud Computing, Java DIP, Bootstrap, Lua, DBMS, QTP, Data Mining, Javamail API, MongoDB, Git, Swing, Objective C, Android, jMeter, Data Communication, MIS, AWT, SVN, TestNG, VBScript, MATLAB, EJB, IPv6, IPv4, E-Commerce, PostgreSQL, SQLite, SDLC, Assembly, Operating System, JasperReports, JSON, iOS, Design Pattern, VB.Net, Computer Fundamentals, JSF, C Sharp, Flex, GWT, PL/SQL, Eclipse, JUnit, Pascal, Maven, Scala, Spring, Struts 2, HTML5, ANT, iBATIS, log4j, Hibernate, JSP, JAVA, JDBC, AJAX, WAP, SQL, MySQL, C/C++, PERL, PHP, Ruby, Ruby on Rails, Python, HTML, XHTML, CSS, CGI, Shell, Unix, JavaScript, jQuery, Radius, UML, GPRS, GSM,i-Mode, WiFi, WML, WiMax, SOAP, UDDI, Socket, WSDL, Makefile, Prototype, Six Sigma, CMMI, EVM, PMP Exams]</a>
<div class="detailToggle" style="display:inline"><a href="javascript:toggleDisplay(&apos;core_SeleniumTest_test_Title_Validation[Iteration # 8 : exp: Programming; act: Tutorials for LISP, jQueryUI, QC, D Programming, JCL, Computer Programming, Cloud Computing, Java DIP, Bootstrap, Lua, DBMS, QTP, Data Mining, Javamail API, MongoDB, Git, Swing, Objective C, Android, jMeter, Data Communication, MIS, AWT, SVN, TestNG, VBScript, MATLAB, EJB, IPv6, IPv4, E-Commerce, PostgreSQL, SQLite, SDLC, Assembly, Operating System, JasperReports, JSON, iOS, Design Pattern, VB_Net, Computer Fundamentals, JSF, C Sharp, Flex, GWT, PL/SQL, Eclipse, JUnit, Pascal, Maven, Scala, Spring, Struts 2, HTML5, ANT, iBATIS, log4j, Hibernate, JSP, JAVA, JDBC, AJAX, WAP, SQL, MySQL, C/C++, PERL, PHP, Ruby, Ruby on Rails, Python, HTML, XHTML, CSS, CGI, Shell, Unix, JavaScript, jQuery, Radius, UML, GPRS, GSM,i-Mode, WiFi, WML, WiMax, SOAP, UDDI, Socket, WSDL, Makefile, Prototype, Six Sigma, CMMI, EVM, PMP Exams]&apos;);"><span style="display:inline;" id="core_SeleniumTest_test_Title_Validation[Iteration # 8 : exp: Programming; act: Tutorials for LISP, jQueryUI, QC, D Programming, JCL, Computer Programming, Cloud Computing, Java DIP, Bootstrap, Lua, DBMS, QTP, Data Mining, Javamail API, MongoDB, Git, Swing, Objective C, Android, jMeter, Data Communication, MIS, AWT, SVN, TestNG, VBScript, MATLAB, EJB, IPv6, IPv4, E-Commerce, PostgreSQL, SQLite, SDLC, Assembly, Operating System, JasperReports, JSON, iOS, Design Pattern, VB_Net, Computer Fundamentals, JSF, C Sharp, Flex, GWT, PL/SQL, Eclipse, JUnit, Pascal, Maven, Scala, Spring, Struts 2, HTML5, ANT, iBATIS, log4j, Hibernate, JSP, JAVA, JDBC, AJAX, WAP, SQL, MySQL, C/C++, PERL, PHP, Ruby, Ruby on Rails, Python, HTML, XHTML, CSS, CGI, Shell, Unix, JavaScript, jQuery, Radius, UML, GPRS, GSM,i-Mode, WiFi, WML, WiMax, SOAP, UDDI, Socket, WSDL, Makefile, Prototype, Six Sigma, CMMI, EVM, PMP Exams]off"> + </span><span style="display:none;" id="core_SeleniumTest_test_Title_Validation[Iteration # 8 : exp: Programming; act: Tutorials for LISP, jQueryUI, QC, D Programming, JCL, Computer Programming, Cloud Computing, Java DIP, Bootstrap, Lua, DBMS, QTP, Data Mining, Javamail API, MongoDB, Git, Swing, Objective C, Android, jMeter, Data Communication, MIS, AWT, SVN, TestNG, VBScript, MATLAB, EJB, IPv6, IPv4, E-Commerce, PostgreSQL, SQLite, SDLC, Assembly, Operating System, JasperReports, JSON, iOS, Design Pattern, VB_Net, Computer Fundamentals, JSF, C Sharp, Flex, GWT, PL/SQL, Eclipse, JUnit, Pascal, Maven, Scala, Spring, Struts 2, HTML5, ANT, iBATIS, log4j, Hibernate, JSP, JAVA, JDBC, AJAX, WAP, SQL, MySQL, C/C++, PERL, PHP, Ruby, Ruby on Rails, Python, HTML, XHTML, CSS, CGI, Shell, Unix, JavaScript, jQuery, Radius, UML, GPRS, GSM,i-Mode, WiFi, WML, WiMax, SOAP, UDDI, Socket, WSDL, Makefile, Prototype, Six Sigma, CMMI, EVM, PMP Exams]on"> - </span>[ Detail ]</a></div></td>
<td>0.002</td></tr>
<tr class="b">
<td></td>
<td>FAILED expected:&lt;[Programming]&gt; but was:&lt;[Tutorials for LISP, jQueryUI, QC, D Programming, JCL, Computer Programming, Cloud Computing, Java DIP, Bootstrap, Lua, DBMS, QTP, Data Mining, Javamail API, MongoDB, Git, Swing, Objective C, Android, jMeter, Data Communication, MIS, AWT, SVN, TestNG, VBScript, MATLAB, EJB, IPv6, IPv4, E-Commerce, PostgreSQL, SQLite, SDLC, Assembly, Operating System, JasperReports, JSON, iOS, Design Pattern, VB.Net, Computer Fundamentals, JSF, C Sharp, Flex, GWT, PL/SQL, Eclipse, JUnit, Pascal, Maven, Scala, Spring, Struts 2, HTML5, ANT, iBATIS, log4j, Hibernate, JSP, JAVA, JDBC, AJAX, WAP, SQL, MySQL, C/C++, PERL, PHP, Ruby, Ruby on Rails, Python, HTML, XHTML, CSS, CGI, Shell, Unix, JavaScript, jQuery, Radius, UML, GPRS, GSM,i-Mode, WiFi, WML, WiMax, SOAP, UDDI, Socket, WSDL, Makefile, Prototype, Six Sigma, CMMI, EVM, PMP Exams]&gt;</td>
<td></td></tr>
<tr class="a">
<td></td>
<td>
<div id="core_SeleniumTest_test_Title_Validation[Iteration # 8 : exp: Programming; act: Tutorials for LISP, jQueryUI, QC, D Programming, JCL, Computer Programming, Cloud Computing, Java DIP, Bootstrap, Lua, DBMS, QTP, Data Mining, Javamail API, MongoDB, Git, Swing, Objective C, Android, jMeter, Data Communication, MIS, AWT, SVN, TestNG, VBScript, MATLAB, EJB, IPv6, IPv4, E-Commerce, PostgreSQL, SQLite, SDLC, Assembly, Operating System, JasperReports, JSON, iOS, Design Pattern, VB_Net, Computer Fundamentals, JSF, C Sharp, Flex, GWT, PL/SQL, Eclipse, JUnit, Pascal, Maven, Scala, Spring, Struts 2, HTML5, ANT, iBATIS, log4j, Hibernate, JSP, JAVA, JDBC, AJAX, WAP, SQL, MySQL, C/C++, PERL, PHP, Ruby, Ruby on Rails, Python, HTML, XHTML, CSS, CGI, Shell, Unix, JavaScript, jQuery, Radius, UML, GPRS, GSM,i-Mode, WiFi, WML, WiMax, SOAP, UDDI, Socket, WSDL, Makefile, Prototype, Six Sigma, CMMI, EVM, PMP Exams]error" style="display:none;">
<div>
<pre>org.junit.ComparisonFailure: FAILED expected:&lt;[Programming]&gt; but was:&lt;[Tutorials for LISP, jQueryUI, QC, D Programming, JCL, Computer Programming, Cloud Computing, Java DIP, Bootstrap, Lua, DBMS, QTP, Data Mining, Javamail API, MongoDB, Git, Swing, Objective C, Android, jMeter, Data Communication, MIS, AWT, SVN, TestNG, VBScript, MATLAB, EJB, IPv6, IPv4, E-Commerce, PostgreSQL, SQLite, SDLC, Assembly, Operating System, JasperReports, JSON, iOS, Design Pattern, VB.Net, Computer Fundamentals, JSF, C Sharp, Flex, GWT, PL/SQL, Eclipse, JUnit, Pascal, Maven, Scala, Spring, Struts 2, HTML5, ANT, iBATIS, log4j, Hibernate, JSP, JAVA, JDBC, AJAX, WAP, SQL, MySQL, C/C++, PERL, PHP, Ruby, Ruby on Rails, Python, HTML, XHTML, CSS, CGI, Shell, Unix, JavaScript, jQuery, Radius, UML, GPRS, GSM,i-Mode, WiFi, WML, WiMax, SOAP, UDDI, Socket, WSDL, Makefile, Prototype, Six Sigma, CMMI, EVM, PMP Exams]&gt;</pre></div></div></td>
<td></td></tr>
<tr class="b">
<td><a href="#core.SeleniumTest.test_Title_Validation[Iteration # 9 : exp: Yan.ru; act: Яндекс]"><img src="images/icon_error_sml.gif" alt="" /></a></td>
<td><a href="#core.SeleniumTest.test_Title_Validation[Iteration # 9 : exp: Yan.ru; act: Яндекс]">test_Title_Validation[Iteration # 9 : exp: Yan.ru; act: &#x42f;&#x43d;&#x434;&#x435;&#x43a;&#x441;]</a>
<div class="detailToggle" style="display:inline"><a href="javascript:toggleDisplay(&apos;core_SeleniumTest_test_Title_Validation[Iteration # 9 : exp: Yan_ru; act: Яндекс]&apos;);"><span style="display:inline;" id="core_SeleniumTest_test_Title_Validation[Iteration # 9 : exp: Yan_ru; act: &#x42f;&#x43d;&#x434;&#x435;&#x43a;&#x441;]off"> + </span><span style="display:none;" id="core_SeleniumTest_test_Title_Validation[Iteration # 9 : exp: Yan_ru; act: &#x42f;&#x43d;&#x434;&#x435;&#x43a;&#x441;]on"> - </span>[ Detail ]</a></div></td>
<td>0.001</td></tr>
<tr class="a">
<td></td>
<td>FAILED expected:&lt;[Yan.ru]&gt; but was:&lt;[&#x42f;&#x43d;&#x434;&#x435;&#x43a;&#x441;]&gt;</td>
<td></td></tr>
<tr class="b">
<td></td>
<td>
<div id="core_SeleniumTest_test_Title_Validation[Iteration # 9 : exp: Yan_ru; act: &#x42f;&#x43d;&#x434;&#x435;&#x43a;&#x441;]error" style="display:none;">
<div>
<pre>org.junit.ComparisonFailure: FAILED expected:&lt;[Yan.ru]&gt; but was:&lt;[&#x42f;&#x43d;&#x434;&#x435;&#x43a;&#x441;]&gt;at org.junit.Assert.assertEquals(Assert.java:115)at core.SeleniumTest.test_Title_Validation(SeleniumTest.java:58)at sun.reflect.NativeMethodAccessorImpl.invoke0(Native Method)at sun.reflect.NativeMethodAccessorImpl.invoke(NativeMethodAccessorImpl.java:62)at sun.reflect.DelegatingMethodAccessorImpl.invoke(DelegatingMethodAccessorImpl.java:43)at java.lang.reflect.Method.invoke(Method.java:483)at org.junit.runners.model.FrameworkMethod$1.runReflectiveCall(FrameworkMethod.java:47)at org.junit.internal.runners.model.ReflectiveCallable.run(ReflectiveCallable.java:12)at org.junit.runners.model.FrameworkMethod.invokeExplosively(FrameworkMethod.java:44)at org.junit.internal.runners.statements.InvokeMethod.evaluate(InvokeMethod.java:17)at org.junit.runners.ParentRunner.runLeaf(ParentRunner.java:271)at org.junit.runners.BlockJUnit4ClassRunner.runChild(BlockJUnit4ClassRunner.java:70)at org.junit.runners.BlockJUnit4ClassRunner.runChild(BlockJUnit4ClassRunner.java:50)at org.junit.runners.ParentRunner$3.run(ParentRunner.java:238)at org.junit.runners.ParentRunner$1.schedule(ParentRunner.java:63)at org.junit.runners.ParentRunner.runChildren(ParentRunner.java:236)at org.junit.runners.ParentRunner.access$000(ParentRunner.java:53)at org.junit.runners.ParentRunner$2.evaluate(ParentRunner.java:229)at org.junit.runners.ParentRunner.run(ParentRunner.java:309)at org.junit.runners.Suite.runChild(Suite.java:127)at org.junit.runners.Suite.runChild(Suite.java:26)at org.junit.runners.ParentRunner$3.run(ParentRunner.java:238)at org.junit.runners.ParentRunner$1.schedule(ParentRunner.java:63)at org.junit.runners.ParentRunner.runChildren(ParentRunner.java:236)at org.junit.runners.ParentRunner.access$000(ParentRunner.java:53)at org.junit.runners.ParentRunner$2.evaluate(ParentRunner.java:229)at org.junit.internal.runners.statements.RunBefores.evaluate(RunBefores.java:26)at org.junit.runners.ParentRunner.run(ParentRunner.java:309)at org.junit.runners.Suite.runChild(Suite.java:127)at org.junit.runners.Suite.runChild(Suite.java:26)at org.junit.runners.ParentRunner$3.run(ParentRunner.java:238)at org.junit.runners.ParentRunner$1.schedule(ParentRunner.java:63)at org.junit.runners.ParentRunner.runChildren(ParentRunner.java:236)at org.junit.runners.ParentRunner.access$000(ParentRunner.java:53)at org.junit.runners.ParentRunner$2.evaluate(ParentRunner.java:229)at org.junit.runners.ParentRunner.run(ParentRunner.java:309)at org.apache.maven.surefire.junit4.JUnit4Provider.execute(JUnit4Provider.java:252)at org.apache.maven.surefire.junit4.JUnit4Provider.executeTestSet(JUnit4Provider.java:141)at org.apache.maven.surefire.junit4.JUnit4Provider.invoke(JUnit4Provider.java:112)at sun.reflect.NativeMethodAccessorImpl.invoke0(Native Method)at sun.reflect.NativeMethodAccessorImpl.invoke(NativeMethodAccessorImpl.java:62)at sun.reflect.DelegatingMethodAccessorImpl.invoke(DelegatingMethodAccessorImpl.java:43)at java.lang.reflect.Method.invoke(Method.java:483)at org.apache.maven.surefire.util.ReflectionUtils.invokeMethodWithArray(ReflectionUtils.java:189)at org.apache.maven.surefire.booter.ProviderFactory$ProviderProxy.invoke(ProviderFactory.java:165)at org.apache.maven.surefire.booter.ProviderFactory.invokeProvider(ProviderFactory.java:85)at org.apache.maven.surefire.booter.ForkedBooter.runSuitesInProcess(ForkedBooter.java:115)at org.apache.maven.surefire.booter.ForkedBooter.main(ForkedBooter.java:75)</pre></div></div></td>
<td></td></tr>
<tr class="a">
<td><a href="#core.SeleniumTest.test_Title_Validation[Iteration # 10 : exp: yandex.ru; act: Яндекс]"><img src="images/icon_error_sml.gif" alt="" /></a></td>
<td><a href="#core.SeleniumTest.test_Title_Validation[Iteration # 10 : exp: yandex.ru; act: Яндекс]">test_Title_Validation[Iteration # 10 : exp: yandex.ru; act: &#x42f;&#x43d;&#x434;&#x435;&#x43a;&#x441;]</a>
<div class="detailToggle" style="display:inline"><a href="javascript:toggleDisplay(&apos;core_SeleniumTest_test_Title_Validation[Iteration # 10 : exp: yandex_ru; act: Яндекс]&apos;);"><span style="display:inline;" id="core_SeleniumTest_test_Title_Validation[Iteration # 10 : exp: yandex_ru; act: &#x42f;&#x43d;&#x434;&#x435;&#x43a;&#x441;]off"> + </span><span style="display:none;" id="core_SeleniumTest_test_Title_Validation[Iteration # 10 : exp: yandex_ru; act: &#x42f;&#x43d;&#x434;&#x435;&#x43a;&#x441;]on"> - </span>[ Detail ]</a></div></td>
<td>0.001</td></tr>
<tr class="b">
<td></td>
<td>FAILED expected:&lt;[yandex.ru]&gt; but was:&lt;[&#x42f;&#x43d;&#x434;&#x435;&#x43a;&#x441;]&gt;</td>
<td></td></tr>
<tr class="a">
<td></td>
<td>
<div id="core_SeleniumTest_test_Title_Validation[Iteration # 10 : exp: yandex_ru; act: &#x42f;&#x43d;&#x434;&#x435;&#x43a;&#x441;]error" style="display:none;">
<div>
<pre>org.junit.ComparisonFailure: FAILED expected:&lt;[yandex.ru]&gt; but was:&lt;[&#x42f;&#x43d;&#x434;&#x435;&#x43a;&#x441;]&gt;at org.junit.Assert.assertEquals(Assert.java:115)at core.SeleniumTest.test_Title_Validation(SeleniumTest.java:58)at sun.reflect.NativeMethodAccessorImpl.invoke0(Native Method)at sun.reflect.NativeMethodAccessorImpl.invoke(NativeMethodAccessorImpl.java:62)at sun.reflect.DelegatingMethodAccessorImpl.invoke(DelegatingMethodAccessorImpl.java:43)at java.lang.reflect.Method.invoke(Method.java:483)at org.junit.runners.model.FrameworkMethod$1.runReflectiveCall(FrameworkMethod.java:47)at org.junit.internal.runners.model.ReflectiveCallable.run(ReflectiveCallable.java:12)at org.junit.runners.model.FrameworkMethod.invokeExplosively(FrameworkMethod.java:44)at org.junit.internal.runners.statements.InvokeMethod.evaluate(InvokeMethod.java:17)at org.junit.runners.ParentRunner.runLeaf(ParentRunner.java:271)at org.junit.runners.BlockJUnit4ClassRunner.runChild(BlockJUnit4ClassRunner.java:70)at org.junit.runners.BlockJUnit4ClassRunner.runChild(BlockJUnit4ClassRunner.java:50)at org.junit.runners.ParentRunner$3.run(ParentRunner.java:238)at org.junit.runners.ParentRunner$1.schedule(ParentRunner.java:63)at org.junit.runners.ParentRunner.runChildren(ParentRunner.java:236)at org.junit.runners.ParentRunner.access$000(ParentRunner.java:53)at org.junit.runners.ParentRunner$2.evaluate(ParentRunner.java:229)at org.junit.runners.ParentRunner.run(ParentRunner.java:309)at org.junit.runners.Suite.runChild(Suite.java:127)at org.junit.runners.Suite.runChild(Suite.java:26)at org.junit.runners.ParentRunner$3.run(ParentRunner.java:238)at org.junit.runners.ParentRunner$1.schedule(ParentRunner.java:63)at org.junit.runners.ParentRunner.runChildren(ParentRunner.java:236)at org.junit.runners.ParentRunner.access$000(ParentRunner.java:53)at org.junit.runners.ParentRunner$2.evaluate(ParentRunner.java:229)at org.junit.internal.runners.statements.RunBefores.evaluate(RunBefores.java:26)at org.junit.runners.ParentRunner.run(ParentRunner.java:309)at org.junit.runners.Suite.runChild(Suite.java:127)at org.junit.runners.Suite.runChild(Suite.java:26)at org.junit.runners.ParentRunner$3.run(ParentRunner.java:238)at org.junit.runners.ParentRunner$1.schedule(ParentRunner.java:63)at org.junit.runners.ParentRunner.runChildren(ParentRunner.java:236)at org.junit.runners.ParentRunner.access$000(ParentRunner.java:53)at org.junit.runners.ParentRunner$2.evaluate(ParentRunner.java:229)at org.junit.runners.ParentRunner.run(ParentRunner.java:309)at org.apache.maven.surefire.junit4.JUnit4Provider.execute(JUnit4Provider.java:252)at org.apache.maven.surefire.junit4.JUnit4Provider.executeTestSet(JUnit4Provider.java:141)at org.apache.maven.surefire.junit4.JUnit4Provider.invoke(JUnit4Provider.java:112)at sun.reflect.NativeMethodAccessorImpl.invoke0(Native Method)at sun.reflect.NativeMethodAccessorImpl.invoke(NativeMethodAccessorImpl.java:62)at sun.reflect.DelegatingMethodAccessorImpl.invoke(DelegatingMethodAccessorImpl.java:43)at java.lang.reflect.Method.invoke(Method.java:483)at org.apache.maven.surefire.util.ReflectionUtils.invokeMethodWithArray(ReflectionUtils.java:189)at org.apache.maven.surefire.booter.ProviderFactory$ProviderProxy.invoke(ProviderFactory.java:165)at org.apache.maven.surefire.booter.ProviderFactory.invokeProvider(ProviderFactory.java:85)at org.apache.maven.surefire.booter.ForkedBooter.runSuitesInProcess(ForkedBooter.java:115)at org.apache.maven.surefire.booter.ForkedBooter.main(ForkedBooter.java:75)</pre></div></div></td>
<td></td></tr>
<tr class="b">
<td><a href="#core.SeleniumTest.test_Title_Validation[Iteration # 11 : exp: yandex; act: Яндекс]"><img src="images/icon_error_sml.gif" alt="" /></a></td>
<td><a href="#core.SeleniumTest.test_Title_Validation[Iteration # 11 : exp: yandex; act: Яндекс]">test_Title_Validation[Iteration # 11 : exp: yandex; act: &#x42f;&#x43d;&#x434;&#x435;&#x43a;&#x441;]</a>
<div class="detailToggle" style="display:inline"><a href="javascript:toggleDisplay(&apos;core_SeleniumTest_test_Title_Validation[Iteration # 11 : exp: yandex; act: Яндекс]&apos;);"><span style="display:inline;" id="core_SeleniumTest_test_Title_Validation[Iteration # 11 : exp: yandex; act: &#x42f;&#x43d;&#x434;&#x435;&#x43a;&#x441;]off"> + </span><span style="display:none;" id="core_SeleniumTest_test_Title_Validation[Iteration # 11 : exp: yandex; act: &#x42f;&#x43d;&#x434;&#x435;&#x43a;&#x441;]on"> - </span>[ Detail ]</a></div></td>
<td>0.001</td></tr>
<tr class="a">
<td></td>
<td>FAILED expected:&lt;[yandex]&gt; but was:&lt;[&#x42f;&#x43d;&#x434;&#x435;&#x43a;&#x441;]&gt;</td>
<td></td></tr>
<tr class="b">
<td></td>
<td>
<div id="core_SeleniumTest_test_Title_Validation[Iteration # 11 : exp: yandex; act: &#x42f;&#x43d;&#x434;&#x435;&#x43a;&#x441;]error" style="display:none;">
<div>
<pre>org.junit.ComparisonFailure: FAILED expected:&lt;[yandex]&gt; but was:&lt;[&#x42f;&#x43d;&#x434;&#x435;&#x43a;&#x441;]&gt;at org.junit.Assert.assertEquals(Assert.java:115)at core.SeleniumTest.test_Title_Validation(SeleniumTest.java:58)at sun.reflect.NativeMethodAccessorImpl.invoke0(Native Method)at sun.reflect.NativeMethodAccessorImpl.invoke(NativeMethodAccessorImpl.java:62)at sun.reflect.DelegatingMethodAccessorImpl.invoke(DelegatingMethodAccessorImpl.java:43)at java.lang.reflect.Method.invoke(Method.java:483)at org.junit.runners.model.FrameworkMethod$1.runReflectiveCall(FrameworkMethod.java:47)at org.junit.internal.runners.model.ReflectiveCallable.run(ReflectiveCallable.java:12)at org.junit.runners.model.FrameworkMethod.invokeExplosively(FrameworkMethod.java:44)at org.junit.internal.runners.statements.InvokeMethod.evaluate(InvokeMethod.java:17)at org.junit.runners.ParentRunner.runLeaf(ParentRunner.java:271)at org.junit.runners.BlockJUnit4ClassRunner.runChild(BlockJUnit4ClassRunner.java:70)at org.junit.runners.BlockJUnit4ClassRunner.runChild(BlockJUnit4ClassRunner.java:50)at org.junit.runners.ParentRunner$3.run(ParentRunner.java:238)at org.junit.runners.ParentRunner$1.schedule(ParentRunner.java:63)at org.junit.runners.ParentRunner.runChildren(ParentRunner.java:236)at org.junit.runners.ParentRunner.access$000(ParentRunner.java:53)at org.junit.runners.ParentRunner$2.evaluate(ParentRunner.java:229)at org.junit.runners.ParentRunner.run(ParentRunner.java:309)at org.junit.runners.Suite.runChild(Suite.java:127)at org.junit.runners.Suite.runChild(Suite.java:26)at org.junit.runners.ParentRunner$3.run(ParentRunner.java:238)at org.junit.runners.ParentRunner$1.schedule(ParentRunner.java:63)at org.junit.runners.ParentRunner.runChildren(ParentRunner.java:236)at org.junit.runners.ParentRunner.access$000(ParentRunner.java:53)at org.junit.runners.ParentRunner$2.evaluate(ParentRunner.java:229)at org.junit.internal.runners.statements.RunBefores.evaluate(RunBefores.java:26)at org.junit.runners.ParentRunner.run(ParentRunner.java:309)at org.junit.runners.Suite.runChild(Suite.java:127)at org.junit.runners.Suite.runChild(Suite.java:26)at org.junit.runners.ParentRunner$3.run(ParentRunner.java:238)at org.junit.runners.ParentRunner$1.schedule(ParentRunner.java:63)at org.junit.runners.ParentRunner.runChildren(ParentRunner.java:236)at org.junit.runners.ParentRunner.access$000(ParentRunner.java:53)at org.junit.runners.ParentRunner$2.evaluate(ParentRunner.java:229)at org.junit.runners.ParentRunner.run(ParentRunner.java:309)at org.apache.maven.surefire.junit4.JUnit4Provider.execute(JUnit4Provider.java:252)at org.apache.maven.surefire.junit4.JUnit4Provider.executeTestSet(JUnit4Provider.java:141)at org.apache.maven.surefire.junit4.JUnit4Provider.invoke(JUnit4Provider.java:112)at sun.reflect.NativeMethodAccessorImpl.invoke0(Native Method)at sun.reflect.NativeMethodAccessorImpl.invoke(NativeMethodAccessorImpl.java:62)at sun.reflect.DelegatingMethodAccessorImpl.invoke(DelegatingMethodAccessorImpl.java:43)at java.lang.reflect.Method.invoke(Method.java:483)at org.apache.maven.surefire.util.ReflectionUtils.invokeMethodWithArray(ReflectionUtils.java:189)at org.apache.maven.surefire.booter.ProviderFactory$ProviderProxy.invoke(ProviderFactory.java:165)at org.apache.maven.surefire.booter.ProviderFactory.invokeProvider(ProviderFactory.java:85)at org.apache.maven.surefire.booter.ForkedBooter.runSuitesInProcess(ForkedBooter.java:115)at org.apache.maven.surefire.booter.ForkedBooter.main(ForkedBooter.java:75)</pre></div></div></td>
<td></td></tr>
<tr class="a">
<td><a href="#core.SeleniumTest.test_Title_Validation[Iteration # 12 : exp: learn; act: Яндекс]"><img src="images/icon_error_sml.gif" alt="" /></a></td>
<td><a href="#core.SeleniumTest.test_Title_Validation[Iteration # 12 : exp: learn; act: Яндекс]">test_Title_Validation[Iteration # 12 : exp: learn; act: &#x42f;&#x43d;&#x434;&#x435;&#x43a;&#x441;]</a>
<div class="detailToggle" style="display:inline"><a href="javascript:toggleDisplay(&apos;core_SeleniumTest_test_Title_Validation[Iteration # 12 : exp: learn; act: Яндекс]&apos;);"><span style="display:inline;" id="core_SeleniumTest_test_Title_Validation[Iteration # 12 : exp: learn; act: &#x42f;&#x43d;&#x434;&#x435;&#x43a;&#x441;]off"> + </span><span style="display:none;" id="core_SeleniumTest_test_Title_Validation[Iteration # 12 : exp: learn; act: &#x42f;&#x43d;&#x434;&#x435;&#x43a;&#x441;]on"> - </span>[ Detail ]</a></div></td>
<td>0.001</td></tr>
<tr class="b">
<td></td>
<td>FAILED expected:&lt;[learn]&gt; but was:&lt;[&#x42f;&#x43d;&#x434;&#x435;&#x43a;&#x441;]&gt;</td>
<td></td></tr>
<tr class="a">
<td></td>
<td>
<div id="core_SeleniumTest_test_Title_Validation[Iteration # 12 : exp: learn; act: &#x42f;&#x43d;&#x434;&#x435;&#x43a;&#x441;]error" style="display:none;">
<div>
<pre>org.junit.ComparisonFailure: FAILED expected:&lt;[learn]&gt; but was:&lt;[&#x42f;&#x43d;&#x434;&#x435;&#x43a;&#x441;]&gt;at org.junit.Assert.assertEquals(Assert.java:115)at core.SeleniumTest.test_Title_Validation(SeleniumTest.java:58)at sun.reflect.NativeMethodAccessorImpl.invoke0(Native Method)at sun.reflect.NativeMethodAccessorImpl.invoke(NativeMethodAccessorImpl.java:62)at sun.reflect.DelegatingMethodAccessorImpl.invoke(DelegatingMethodAccessorImpl.java:43)at java.lang.reflect.Method.invoke(Method.java:483)at org.junit.runners.model.FrameworkMethod$1.runReflectiveCall(FrameworkMethod.java:47)at org.junit.internal.runners.model.ReflectiveCallable.run(ReflectiveCallable.java:12)at org.junit.runners.model.FrameworkMethod.invokeExplosively(FrameworkMethod.java:44)at org.junit.internal.runners.statements.InvokeMethod.evaluate(InvokeMethod.java:17)at org.junit.runners.ParentRunner.runLeaf(ParentRunner.java:271)at org.junit.runners.BlockJUnit4ClassRunner.runChild(BlockJUnit4ClassRunner.java:70)at org.junit.runners.BlockJUnit4ClassRunner.runChild(BlockJUnit4ClassRunner.java:50)at org.junit.runners.ParentRunner$3.run(ParentRunner.java:238)at org.junit.runners.ParentRunner$1.schedule(ParentRunner.java:63)at org.junit.runners.ParentRunner.runChildren(ParentRunner.java:236)at org.junit.runners.ParentRunner.access$000(ParentRunner.java:53)at org.junit.runners.ParentRunner$2.evaluate(ParentRunner.java:229)at org.junit.runners.ParentRunner.run(ParentRunner.java:309)at org.junit.runners.Suite.runChild(Suite.java:127)at org.junit.runners.Suite.runChild(Suite.java:26)at org.junit.runners.ParentRunner$3.run(ParentRunner.java:238)at org.junit.runners.ParentRunner$1.schedule(ParentRunner.java:63)at org.junit.runners.ParentRunner.runChildren(ParentRunner.java:236)at org.junit.runners.ParentRunner.access$000(ParentRunner.java:53)at org.junit.runners.ParentRunner$2.evaluate(ParentRunner.java:229)at org.junit.internal.runners.statements.RunBefores.evaluate(RunBefores.java:26)at org.junit.runners.ParentRunner.run(ParentRunner.java:309)at org.junit.runners.Suite.runChild(Suite.java:127)at org.junit.runners.Suite.runChild(Suite.java:26)at org.junit.runners.ParentRunner$3.run(ParentRunner.java:238)at org.junit.runners.ParentRunner$1.schedule(ParentRunner.java:63)at org.junit.runners.ParentRunner.runChildren(ParentRunner.java:236)at org.junit.runners.ParentRunner.access$000(ParentRunner.java:53)at org.junit.runners.ParentRunner$2.evaluate(ParentRunner.java:229)at org.junit.runners.ParentRunner.run(ParentRunner.java:309)at org.apache.maven.surefire.junit4.JUnit4Provider.execute(JUnit4Provider.java:252)at org.apache.maven.surefire.junit4.JUnit4Provider.executeTestSet(JUnit4Provider.java:141)at org.apache.maven.surefire.junit4.JUnit4Provider.invoke(JUnit4Provider.java:112)at sun.reflect.NativeMethodAccessorImpl.invoke0(Native Method)at sun.reflect.NativeMethodAccessorImpl.invoke(NativeMethodAccessorImpl.java:62)at sun.reflect.DelegatingMethodAccessorImpl.invoke(DelegatingMethodAccessorImpl.java:43)at java.lang.reflect.Method.invoke(Method.java:483)at org.apache.maven.surefire.util.ReflectionUtils.invokeMethodWithArray(ReflectionUtils.java:189)at org.apache.maven.surefire.booter.ProviderFactory$ProviderProxy.invoke(ProviderFactory.java:165)at org.apache.maven.surefire.booter.ProviderFactory.invokeProvider(ProviderFactory.java:85)at org.apache.maven.surefire.booter.ForkedBooter.runSuitesInProcess(ForkedBooter.java:115)at org.apache.maven.surefire.booter.ForkedBooter.main(ForkedBooter.java:75)</pre></div></div></td>
<td></td></tr>
<tr class="b">
<td><a href="#core.SeleniumTest.test_Title_Validation[Iteration # 13 : exp: www.yandex; act: Яндекс]"><img src="images/icon_error_sml.gif" alt="" /></a></td>
<td><a href="#core.SeleniumTest.test_Title_Validation[Iteration # 13 : exp: www.yandex; act: Яндекс]">test_Title_Validation[Iteration # 13 : exp: www.yandex; act: &#x42f;&#x43d;&#x434;&#x435;&#x43a;&#x441;]</a>
<div class="detailToggle" style="display:inline"><a href="javascript:toggleDisplay(&apos;core_SeleniumTest_test_Title_Validation[Iteration # 13 : exp: www_yandex; act: Яндекс]&apos;);"><span style="display:inline;" id="core_SeleniumTest_test_Title_Validation[Iteration # 13 : exp: www_yandex; act: &#x42f;&#x43d;&#x434;&#x435;&#x43a;&#x441;]off"> + </span><span style="display:none;" id="core_SeleniumTest_test_Title_Validation[Iteration # 13 : exp: www_yandex; act: &#x42f;&#x43d;&#x434;&#x435;&#x43a;&#x441;]on"> - </span>[ Detail ]</a></div></td>
<td>0.002</td></tr>
<tr class="a">
<td></td>
<td>FAILED expected:&lt;[www.yandex]&gt; but was:&lt;[&#x42f;&#x43d;&#x434;&#x435;&#x43a;&#x441;]&gt;</td>
<td></td></tr>
<tr class="b">
<td></td>
<td>
<div id="core_SeleniumTest_test_Title_Validation[Iteration # 13 : exp: www_yandex; act: &#x42f;&#x43d;&#x434;&#x435;&#x43a;&#x441;]error" style="display:none;">
<div>
<pre>org.junit.ComparisonFailure: FAILED expected:&lt;[www.yandex]&gt; but was:&lt;[&#x42f;&#x43d;&#x434;&#x435;&#x43a;&#x441;]&gt;at org.junit.Assert.assertEquals(Assert.java:115)at core.SeleniumTest.test_Title_Validation(SeleniumTest.java:58)at sun.reflect.NativeMethodAccessorImpl.invoke0(Native Method)at sun.reflect.NativeMethodAccessorImpl.invoke(NativeMethodAccessorImpl.java:62)at sun.reflect.DelegatingMethodAccessorImpl.invoke(DelegatingMethodAccessorImpl.java:43)at java.lang.reflect.Method.invoke(Method.java:483)at org.junit.runners.model.FrameworkMethod$1.runReflectiveCall(FrameworkMethod.java:47)at org.junit.internal.runners.model.ReflectiveCallable.run(ReflectiveCallable.java:12)at org.junit.runners.model.FrameworkMethod.invokeExplosively(FrameworkMethod.java:44)at org.junit.internal.runners.statements.InvokeMethod.evaluate(InvokeMethod.java:17)at org.junit.runners.ParentRunner.runLeaf(ParentRunner.java:271)at org.junit.runners.BlockJUnit4ClassRunner.runChild(BlockJUnit4ClassRunner.java:70)at org.junit.runners.BlockJUnit4ClassRunner.runChild(BlockJUnit4ClassRunner.java:50)at org.junit.runners.ParentRunner$3.run(ParentRunner.java:238)at org.junit.runners.ParentRunner$1.schedule(ParentRunner.java:63)at org.junit.runners.ParentRunner.runChildren(ParentRunner.java:236)at org.junit.runners.ParentRunner.access$000(ParentRunner.java:53)at org.junit.runners.ParentRunner$2.evaluate(ParentRunner.java:229)at org.junit.runners.ParentRunner.run(ParentRunner.java:309)at org.junit.runners.Suite.runChild(Suite.java:127)at org.junit.runners.Suite.runChild(Suite.java:26)at org.junit.runners.ParentRunner$3.run(ParentRunner.java:238)at org.junit.runners.ParentRunner$1.schedule(ParentRunner.java:63)at org.junit.runners.ParentRunner.runChildren(ParentRunner.java:236)at org.junit.runners.ParentRunner.access$000(ParentRunner.java:53)at org.junit.runners.ParentRunner$2.evaluate(ParentRunner.java:229)at org.junit.internal.runners.statements.RunBefores.evaluate(RunBefores.java:26)at org.junit.runners.ParentRunner.run(ParentRunner.java:309)at org.junit.runners.Suite.runChild(Suite.java:127)at org.junit.runners.Suite.runChild(Suite.java:26)at org.junit.runners.ParentRunner$3.run(ParentRunner.java:238)at org.junit.runners.ParentRunner$1.schedule(ParentRunner.java:63)at org.junit.runners.ParentRunner.runChildren(ParentRunner.java:236)at org.junit.runners.ParentRunner.access$000(ParentRunner.java:53)at org.junit.runners.ParentRunner$2.evaluate(ParentRunner.java:229)at org.junit.runners.ParentRunner.run(ParentRunner.java:309)at org.apache.maven.surefire.junit4.JUnit4Provider.execute(JUnit4Provider.java:252)at org.apache.maven.surefire.junit4.JUnit4Provider.executeTestSet(JUnit4Provider.java:141)at org.apache.maven.surefire.junit4.JUnit4Provider.invoke(JUnit4Provider.java:112)at sun.reflect.NativeMethodAccessorImpl.invoke0(Native Method)at sun.reflect.NativeMethodAccessorImpl.invoke(NativeMethodAccessorImpl.java:62)at sun.reflect.DelegatingMethodAccessorImpl.invoke(DelegatingMethodAccessorImpl.java:43)at java.lang.reflect.Method.invoke(Method.java:483)at org.apache.maven.surefire.util.ReflectionUtils.invokeMethodWithArray(ReflectionUtils.java:189)at org.apache.maven.surefire.booter.ProviderFactory$ProviderProxy.invoke(ProviderFactory.java:165)at org.apache.maven.surefire.booter.ProviderFactory.invokeProvider(ProviderFactory.java:85)at org.apache.maven.surefire.booter.ForkedBooter.runSuitesInProcess(ForkedBooter.java:115)at org.apache.maven.surefire.booter.ForkedBooter.main(ForkedBooter.java:75)</pre></div></div></td>
<td></td></tr>
<tr class="a">
<td><a href="#core.SeleniumTest.test_Title_Validation[Iteration # 14 : exp: ru; act: Яндекс]"><img src="images/icon_error_sml.gif" alt="" /></a></td>
<td><a href="#core.SeleniumTest.test_Title_Validation[Iteration # 14 : exp: ru; act: Яндекс]">test_Title_Validation[Iteration # 14 : exp: ru; act: &#x42f;&#x43d;&#x434;&#x435;&#x43a;&#x441;]</a>
<div class="detailToggle" style="display:inline"><a href="javascript:toggleDisplay(&apos;core_SeleniumTest_test_Title_Validation[Iteration # 14 : exp: ru; act: Яндекс]&apos;);"><span style="display:inline;" id="core_SeleniumTest_test_Title_Validation[Iteration # 14 : exp: ru; act: &#x42f;&#x43d;&#x434;&#x435;&#x43a;&#x441;]off"> + </span><span style="display:none;" id="core_SeleniumTest_test_Title_Validation[Iteration # 14 : exp: ru; act: &#x42f;&#x43d;&#x434;&#x435;&#x43a;&#x441;]on"> - </span>[ Detail ]</a></div></td>
<td>0.001</td></tr>
<tr class="b">
<td></td>
<td>FAILED expected:&lt;[ru]&gt; but was:&lt;[&#x42f;&#x43d;&#x434;&#x435;&#x43a;&#x441;]&gt;</td>
<td></td></tr>
<tr class="a">
<td></td>
<td>
<div id="core_SeleniumTest_test_Title_Validation[Iteration # 14 : exp: ru; act: &#x42f;&#x43d;&#x434;&#x435;&#x43a;&#x441;]error" style="display:none;">
<div>
<pre>org.junit.ComparisonFailure: FAILED expected:&lt;[ru]&gt; but was:&lt;[&#x42f;&#x43d;&#x434;&#x435;&#x43a;&#x441;]&gt;at org.junit.Assert.assertEquals(Assert.java:115)at core.SeleniumTest.test_Title_Validation(SeleniumTest.java:58)at sun.reflect.NativeMethodAccessorImpl.invoke0(Native Method)at sun.reflect.NativeMethodAccessorImpl.invoke(NativeMethodAccessorImpl.java:62)at sun.reflect.DelegatingMethodAccessorImpl.invoke(DelegatingMethodAccessorImpl.java:43)at java.lang.reflect.Method.invoke(Method.java:483)at org.junit.runners.model.FrameworkMethod$1.runReflectiveCall(FrameworkMethod.java:47)at org.junit.internal.runners.model.ReflectiveCallable.run(ReflectiveCallable.java:12)at org.junit.runners.model.FrameworkMethod.invokeExplosively(FrameworkMethod.java:44)at org.junit.internal.runners.statements.InvokeMethod.evaluate(InvokeMethod.java:17)at org.junit.runners.ParentRunner.runLeaf(ParentRunner.java:271)at org.junit.runners.BlockJUnit4ClassRunner.runChild(BlockJUnit4ClassRunner.java:70)at org.junit.runners.BlockJUnit4ClassRunner.runChild(BlockJUnit4ClassRunner.java:50)at org.junit.runners.ParentRunner$3.run(ParentRunner.java:238)at org.junit.runners.ParentRunner$1.schedule(ParentRunner.java:63)at org.junit.runners.ParentRunner.runChildren(ParentRunner.java:236)at org.junit.runners.ParentRunner.access$000(ParentRunner.java:53)at org.junit.runners.ParentRunner$2.evaluate(ParentRunner.java:229)at org.junit.runners.ParentRunner.run(ParentRunner.java:309)at org.junit.runners.Suite.runChild(Suite.java:127)at org.junit.runners.Suite.runChild(Suite.java:26)at org.junit.runners.ParentRunner$3.run(ParentRunner.java:238)at org.junit.runners.ParentRunner$1.schedule(ParentRunner.java:63)at org.junit.runners.ParentRunner.runChildren(ParentRunner.java:236)at org.junit.runners.ParentRunner.access$000(ParentRunner.java:53)at org.junit.runners.ParentRunner$2.evaluate(ParentRunner.java:229)at org.junit.internal.runners.statements.RunBefores.evaluate(RunBefores.java:26)at org.junit.runners.ParentRunner.run(ParentRunner.java:309)at org.junit.runners.Suite.runChild(Suite.java:127)at org.junit.runners.Suite.runChild(Suite.java:26)at org.junit.runners.ParentRunner$3.run(ParentRunner.java:238)at org.junit.runners.ParentRunner$1.schedule(ParentRunner.java:63)at org.junit.runners.ParentRunner.runChildren(ParentRunner.java:236)at org.junit.runners.ParentRunner.access$000(ParentRunner.java:53)at org.junit.runners.ParentRunner$2.evaluate(ParentRunner.java:229)at org.junit.runners.ParentRunner.run(ParentRunner.java:309)at org.apache.maven.surefire.junit4.JUnit4Provider.execute(JUnit4Provider.java:252)at org.apache.maven.surefire.junit4.JUnit4Provider.executeTestSet(JUnit4Provider.java:141)at org.apache.maven.surefire.junit4.JUnit4Provider.invoke(JUnit4Provider.java:112)at sun.reflect.NativeMethodAccessorImpl.invoke0(Native Method)at sun.reflect.NativeMethodAccessorImpl.invoke(NativeMethodAccessorImpl.java:62)at sun.reflect.DelegatingMethodAccessorImpl.invoke(DelegatingMethodAccessorImpl.java:43)at java.lang.reflect.Method.invoke(Method.java:483)at org.apache.maven.surefire.util.ReflectionUtils.invokeMethodWithArray(ReflectionUtils.java:189)at org.apache.maven.surefire.booter.ProviderFactory$ProviderProxy.invoke(ProviderFactory.java:165)at org.apache.maven.surefire.booter.ProviderFactory.invokeProvider(ProviderFactory.java:85)at org.apache.maven.surefire.booter.ForkedBooter.runSuitesInProcess(ForkedBooter.java:115)at org.apache.maven.surefire.booter.ForkedBooter.main(ForkedBooter.java:75)</pre></div></div></td>
<td></td></tr>
<tr class="b">
<td><a href="#core.SeleniumTest.test_Title_Validation[Iteration # 15 : exp: RU; act: Яндекс]"><img src="images/icon_error_sml.gif" alt="" /></a></td>
<td><a href="#core.SeleniumTest.test_Title_Validation[Iteration # 15 : exp: RU; act: Яндекс]">test_Title_Validation[Iteration # 15 : exp: RU; act: &#x42f;&#x43d;&#x434;&#x435;&#x43a;&#x441;]</a>
<div class="detailToggle" style="display:inline"><a href="javascript:toggleDisplay(&apos;core_SeleniumTest_test_Title_Validation[Iteration # 15 : exp: RU; act: Яндекс]&apos;);"><span style="display:inline;" id="core_SeleniumTest_test_Title_Validation[Iteration # 15 : exp: RU; act: &#x42f;&#x43d;&#x434;&#x435;&#x43a;&#x441;]off"> + </span><span style="display:none;" id="core_SeleniumTest_test_Title_Validation[Iteration # 15 : exp: RU; act: &#x42f;&#x43d;&#x434;&#x435;&#x43a;&#x441;]on"> - </span>[ Detail ]</a></div></td>
<td>0.002</td></tr>
<tr class="a">
<td></td>
<td>FAILED expected:&lt;[RU]&gt; but was:&lt;[&#x42f;&#x43d;&#x434;&#x435;&#x43a;&#x441;]&gt;</td>
<td></td></tr>
<tr class="b">
<td></td>
<td>
<div id="core_SeleniumTest_test_Title_Validation[Iteration # 15 : exp: RU; act: &#x42f;&#x43d;&#x434;&#x435;&#x43a;&#x441;]error" style="display:none;">
<div>
<pre>org.junit.ComparisonFailure: FAILED expected:&lt;[RU]&gt; but was:&lt;[&#x42f;&#x43d;&#x434;&#x435;&#x43a;&#x441;]&gt;at org.junit.Assert.assertEquals(Assert.java:115)at core.SeleniumTest.test_Title_Validation(SeleniumTest.java:58)at sun.reflect.NativeMethodAccessorImpl.invoke0(Native Method)at sun.reflect.NativeMethodAccessorImpl.invoke(NativeMethodAccessorImpl.java:62)at sun.reflect.DelegatingMethodAccessorImpl.invoke(DelegatingMethodAccessorImpl.java:43)at java.lang.reflect.Method.invoke(Method.java:483)at org.junit.runners.model.FrameworkMethod$1.runReflectiveCall(FrameworkMethod.java:47)at org.junit.internal.runners.model.ReflectiveCallable.run(ReflectiveCallable.java:12)at org.junit.runners.model.FrameworkMethod.invokeExplosively(FrameworkMethod.java:44)at org.junit.internal.runners.statements.InvokeMethod.evaluate(InvokeMethod.java:17)at org.junit.runners.ParentRunner.runLeaf(ParentRunner.java:271)at org.junit.runners.BlockJUnit4ClassRunner.runChild(BlockJUnit4ClassRunner.java:70)at org.junit.runners.BlockJUnit4ClassRunner.runChild(BlockJUnit4ClassRunner.java:50)at org.junit.runners.ParentRunner$3.run(ParentRunner.java:238)at org.junit.runners.ParentRunner$1.schedule(ParentRunner.java:63)at org.junit.runners.ParentRunner.runChildren(ParentRunner.java:236)at org.junit.runners.ParentRunner.access$000(ParentRunner.java:53)at org.junit.runners.ParentRunner$2.evaluate(ParentRunner.java:229)at org.junit.runners.ParentRunner.run(ParentRunner.java:309)at org.junit.runners.Suite.runChild(Suite.java:127)at org.junit.runners.Suite.runChild(Suite.java:26)at org.junit.runners.ParentRunner$3.run(ParentRunner.java:238)at org.junit.runners.ParentRunner$1.schedule(ParentRunner.java:63)at org.junit.runners.ParentRunner.runChildren(ParentRunner.java:236)at org.junit.runners.ParentRunner.access$000(ParentRunner.java:53)at org.junit.runners.ParentRunner$2.evaluate(ParentRunner.java:229)at org.junit.internal.runners.statements.RunBefores.evaluate(RunBefores.java:26)at org.junit.runners.ParentRunner.run(ParentRunner.java:309)at org.junit.runners.Suite.runChild(Suite.java:127)at org.junit.runners.Suite.runChild(Suite.java:26)at org.junit.runners.ParentRunner$3.run(ParentRunner.java:238)at org.junit.runners.ParentRunner$1.schedule(ParentRunner.java:63)at org.junit.runners.ParentRunner.runChildren(ParentRunner.java:236)at org.junit.runners.ParentRunner.access$000(ParentRunner.java:53)at org.junit.runners.ParentRunner$2.evaluate(ParentRunner.java:229)at org.junit.runners.ParentRunner.run(ParentRunner.java:309)at org.apache.maven.surefire.junit4.JUnit4Provider.execute(JUnit4Provider.java:252)at org.apache.maven.surefire.junit4.JUnit4Provider.executeTestSet(JUnit4Provider.java:141)at org.apache.maven.surefire.junit4.JUnit4Provider.invoke(JUnit4Provider.java:112)at sun.reflect.NativeMethodAccessorImpl.invoke0(Native Method)at sun.reflect.NativeMethodAccessorImpl.invoke(NativeMethodAccessorImpl.java:62)at sun.reflect.DelegatingMethodAccessorImpl.invoke(DelegatingMethodAccessorImpl.java:43)at java.lang.reflect.Method.invoke(Method.java:483)at org.apache.maven.surefire.util.ReflectionUtils.invokeMethodWithArray(ReflectionUtils.java:189)at org.apache.maven.surefire.booter.ProviderFactory$ProviderProxy.invoke(ProviderFactory.java:165)at org.apache.maven.surefire.booter.ProviderFactory.invokeProvider(ProviderFactory.java:85)at org.apache.maven.surefire.booter.ForkedBooter.runSuitesInProcess(ForkedBooter.java:115)at org.apache.maven.surefire.booter.ForkedBooter.main(ForkedBooter.java:75)</pre></div></div></td>
<td></td></tr>
<tr class="a">
<td><a href="#core.SeleniumTest.test_Title_Validation[Iteration # 16 : exp: yamdex.com; act: Яндекс]"><img src="images/icon_error_sml.gif" alt="" /></a></td>
<td><a href="#core.SeleniumTest.test_Title_Validation[Iteration # 16 : exp: yamdex.com; act: Яндекс]">test_Title_Validation[Iteration # 16 : exp: yamdex.com; act: &#x42f;&#x43d;&#x434;&#x435;&#x43a;&#x441;]</a>
<div class="detailToggle" style="display:inline"><a href="javascript:toggleDisplay(&apos;core_SeleniumTest_test_Title_Validation[Iteration # 16 : exp: yamdex_com; act: Яндекс]&apos;);"><span style="display:inline;" id="core_SeleniumTest_test_Title_Validation[Iteration # 16 : exp: yamdex_com; act: &#x42f;&#x43d;&#x434;&#x435;&#x43a;&#x441;]off"> + </span><span style="display:none;" id="core_SeleniumTest_test_Title_Validation[Iteration # 16 : exp: yamdex_com; act: &#x42f;&#x43d;&#x434;&#x435;&#x43a;&#x441;]on"> - </span>[ Detail ]</a></div></td>
<td>0.001</td></tr>
<tr class="b">
<td></td>
<td>FAILED expected:&lt;[yamdex.com]&gt; but was:&lt;[&#x42f;&#x43d;&#x434;&#x435;&#x43a;&#x441;]&gt;</td>
<td></td></tr>
<tr class="a">
<td></td>
<td>
<div id="core_SeleniumTest_test_Title_Validation[Iteration # 16 : exp: yamdex_com; act: &#x42f;&#x43d;&#x434;&#x435;&#x43a;&#x441;]error" style="display:none;">
<div>
<pre>org.junit.ComparisonFailure: FAILED expected:&lt;[yamdex.com]&gt; but was:&lt;[&#x42f;&#x43d;&#x434;&#x435;&#x43a;&#x441;]&gt;at org.junit.Assert.assertEquals(Assert.java:115)at core.SeleniumTest.test_Title_Validation(SeleniumTest.java:58)at sun.reflect.GeneratedMethodAccessor8.invoke(Unknown Source)at sun.reflect.DelegatingMethodAccessorImpl.invoke(DelegatingMethodAccessorImpl.java:43)at java.lang.reflect.Method.invoke(Method.java:483)at org.junit.runners.model.FrameworkMethod$1.runReflectiveCall(FrameworkMethod.java:47)at org.junit.internal.runners.model.ReflectiveCallable.run(ReflectiveCallable.java:12)at org.junit.runners.model.FrameworkMethod.invokeExplosively(FrameworkMethod.java:44)at org.junit.internal.runners.statements.InvokeMethod.evaluate(InvokeMethod.java:17)at org.junit.runners.ParentRunner.runLeaf(ParentRunner.java:271)at org.junit.runners.BlockJUnit4ClassRunner.runChild(BlockJUnit4ClassRunner.java:70)at org.junit.runners.BlockJUnit4ClassRunner.runChild(BlockJUnit4ClassRunner.java:50)at org.junit.runners.ParentRunner$3.run(ParentRunner.java:238)at org.junit.runners.ParentRunner$1.schedule(ParentRunner.java:63)at org.junit.runners.ParentRunner.runChildren(ParentRunner.java:236)at org.junit.runners.ParentRunner.access$000(ParentRunner.java:53)at org.junit.runners.ParentRunner$2.evaluate(ParentRunner.java:229)at org.junit.runners.ParentRunner.run(ParentRunner.java:309)at org.junit.runners.Suite.runChild(Suite.java:127)at org.junit.runners.Suite.runChild(Suite.java:26)at org.junit.runners.ParentRunner$3.run(ParentRunner.java:238)at org.junit.runners.ParentRunner$1.schedule(ParentRunner.java:63)at org.junit.runners.ParentRunner.runChildren(ParentRunner.java:236)at org.junit.runners.ParentRunner.access$000(ParentRunner.java:53)at org.junit.runners.ParentRunner$2.evaluate(ParentRunner.java:229)at org.junit.internal.runners.statements.RunBefores.evaluate(RunBefores.java:26)at org.junit.runners.ParentRunner.run(ParentRunner.java:309)at org.junit.runners.Suite.runChild(Suite.java:127)at org.junit.runners.Suite.runChild(Suite.java:26)at org.junit.runners.ParentRunner$3.run(ParentRunner.java:238)at org.junit.runners.ParentRunner$1.schedule(ParentRunner.java:63)at org.junit.runners.ParentRunner.runChildren(ParentRunner.java:236)at org.junit.runners.ParentRunner.access$000(ParentRunner.java:53)at org.junit.runners.ParentRunner$2.evaluate(ParentRunner.java:229)at org.junit.runners.ParentRunner.run(ParentRunner.java:309)at org.apache.maven.surefire.junit4.JUnit4Provider.execute(JUnit4Provider.java:252)at org.apache.maven.surefire.junit4.JUnit4Provider.executeTestSet(JUnit4Provider.java:141)at org.apache.maven.surefire.junit4.JUnit4Provider.invoke(JUnit4Provider.java:112)at sun.reflect.NativeMethodAccessorImpl.invoke0(Native Method)at sun.reflect.NativeMethodAccessorImpl.invoke(NativeMethodAccessorImpl.java:62)at sun.reflect.DelegatingMethodAccessorImpl.invoke(DelegatingMethodAccessorImpl.java:43)at java.lang.reflect.Method.invoke(Method.java:483)at org.apache.maven.surefire.util.ReflectionUtils.invokeMethodWithArray(ReflectionUtils.java:189)at org.apache.maven.surefire.booter.ProviderFactory$ProviderProxy.invoke(ProviderFactory.java:165)at org.apache.maven.surefire.booter.ProviderFactory.invokeProvider(ProviderFactory.java:85)at org.apache.maven.surefire.booter.ForkedBooter.runSuitesInProcess(ForkedBooter.java:115)at org.apache.maven.surefire.booter.ForkedBooter.main(ForkedBooter.java:75)</pre></div></div></td>
<td></td></tr>
<tr class="b">
<td><a href="#core.SeleniumTest.test_Title_Validation[Iteration # 17 : exp: yndex.ru; act: Яндекс]"><img src="images/icon_error_sml.gif" alt="" /></a></td>
<td><a href="#core.SeleniumTest.test_Title_Validation[Iteration # 17 : exp: yndex.ru; act: Яндекс]">test_Title_Validation[Iteration # 17 : exp: yndex.ru; act: &#x42f;&#x43d;&#x434;&#x435;&#x43a;&#x441;]</a>
<div class="detailToggle" style="display:inline"><a href="javascript:toggleDisplay(&apos;core_SeleniumTest_test_Title_Validation[Iteration # 17 : exp: yndex_ru; act: Яндекс]&apos;);"><span style="display:inline;" id="core_SeleniumTest_test_Title_Validation[Iteration # 17 : exp: yndex_ru; act: &#x42f;&#x43d;&#x434;&#x435;&#x43a;&#x441;]off"> + </span><span style="display:none;" id="core_SeleniumTest_test_Title_Validation[Iteration # 17 : exp: yndex_ru; act: &#x42f;&#x43d;&#x434;&#x435;&#x43a;&#x441;]on"> - </span>[ Detail ]</a></div></td>
<td>0.001</td></tr>
<tr class="a">
<td></td>
<td>FAILED expected:&lt;[yndex.ru]&gt; but was:&lt;[&#x42f;&#x43d;&#x434;&#x435;&#x43a;&#x441;]&gt;</td>
<td></td></tr>
<tr class="b">
<td></td>
<td>
<div id="core_SeleniumTest_test_Title_Validation[Iteration # 17 : exp: yndex_ru; act: &#x42f;&#x43d;&#x434;&#x435;&#x43a;&#x441;]error" style="display:none;">
<div>
<pre>org.junit.ComparisonFailure: FAILED expected:&lt;[yndex.ru]&gt; but was:&lt;[&#x42f;&#x43d;&#x434;&#x435;&#x43a;&#x441;]&gt;at org.junit.Assert.assertEquals(Assert.java:115)at core.SeleniumTest.test_Title_Validation(SeleniumTest.java:58)at sun.reflect.GeneratedMethodAccessor8.invoke(Unknown Source)at sun.reflect.DelegatingMethodAccessorImpl.invoke(DelegatingMethodAccessorImpl.java:43)at java.lang.reflect.Method.invoke(Method.java:483)at org.junit.runners.model.FrameworkMethod$1.runReflectiveCall(FrameworkMethod.java:47)at org.junit.internal.runners.model.ReflectiveCallable.run(ReflectiveCallable.java:12)at org.junit.runners.model.FrameworkMethod.invokeExplosively(FrameworkMethod.java:44)at org.junit.internal.runners.statements.InvokeMethod.evaluate(InvokeMethod.java:17)at org.junit.runners.ParentRunner.runLeaf(ParentRunner.java:271)at org.junit.runners.BlockJUnit4ClassRunner.runChild(BlockJUnit4ClassRunner.java:70)at org.junit.runners.BlockJUnit4ClassRunner.runChild(BlockJUnit4ClassRunner.java:50)at org.junit.runners.ParentRunner$3.run(ParentRunner.java:238)at org.junit.runners.ParentRunner$1.schedule(ParentRunner.java:63)at org.junit.runners.ParentRunner.runChildren(ParentRunner.java:236)at org.junit.runners.ParentRunner.access$000(ParentRunner.java:53)at org.junit.runners.ParentRunner$2.evaluate(ParentRunner.java:229)at org.junit.runners.ParentRunner.run(ParentRunner.java:309)at org.junit.runners.Suite.runChild(Suite.java:127)at org.junit.runners.Suite.runChild(Suite.java:26)at org.junit.runners.ParentRunner$3.run(ParentRunner.java:238)at org.junit.runners.ParentRunner$1.schedule(ParentRunner.java:63)at org.junit.runners.ParentRunner.runChildren(ParentRunner.java:236)at org.junit.runners.ParentRunner.access$000(ParentRunner.java:53)at org.junit.runners.ParentRunner$2.evaluate(ParentRunner.java:229)at org.junit.internal.runners.statements.RunBefores.evaluate(RunBefores.java:26)at org.junit.runners.ParentRunner.run(ParentRunner.java:309)at org.junit.runners.Suite.runChild(Suite.java:127)at org.junit.runners.Suite.runChild(Suite.java:26)at org.junit.runners.ParentRunner$3.run(ParentRunner.java:238)at org.junit.runners.ParentRunner$1.schedule(ParentRunner.java:63)at org.junit.runners.ParentRunner.runChildren(ParentRunner.java:236)at org.junit.runners.ParentRunner.access$000(ParentRunner.java:53)at org.junit.runners.ParentRunner$2.evaluate(ParentRunner.java:229)at org.junit.runners.ParentRunner.run(ParentRunner.java:309)at org.apache.maven.surefire.junit4.JUnit4Provider.execute(JUnit4Provider.java:252)at org.apache.maven.surefire.junit4.JUnit4Provider.executeTestSet(JUnit4Provider.java:141)at org.apache.maven.surefire.junit4.JUnit4Provider.invoke(JUnit4Provider.java:112)at sun.reflect.NativeMethodAccessorImpl.invoke0(Native Method)at sun.reflect.NativeMethodAccessorImpl.invoke(NativeMethodAccessorImpl.java:62)at sun.reflect.DelegatingMethodAccessorImpl.invoke(DelegatingMethodAccessorImpl.java:43)at java.lang.reflect.Method.invoke(Method.java:483)at org.apache.maven.surefire.util.ReflectionUtils.invokeMethodWithArray(ReflectionUtils.java:189)at org.apache.maven.surefire.booter.ProviderFactory$ProviderProxy.invoke(ProviderFactory.java:165)at org.apache.maven.surefire.booter.ProviderFactory.invokeProvider(ProviderFactory.java:85)at org.apache.maven.surefire.booter.ForkedBooter.runSuitesInProcess(ForkedBooter.java:115)at org.apache.maven.surefire.booter.ForkedBooter.main(ForkedBooter.java:75)</pre></div></div></td>
<td></td></tr>
<tr class="a">
<td><a href="#core.SeleniumTest.test_Title_Validation[Iteration # 18 : exp: Yand.com; act: Яндекс]"><img src="images/icon_error_sml.gif" alt="" /></a></td>
<td><a href="#core.SeleniumTest.test_Title_Validation[Iteration # 18 : exp: Yand.com; act: Яндекс]">test_Title_Validation[Iteration # 18 : exp: Yand.com; act: &#x42f;&#x43d;&#x434;&#x435;&#x43a;&#x441;]</a>
<div class="detailToggle" style="display:inline"><a href="javascript:toggleDisplay(&apos;core_SeleniumTest_test_Title_Validation[Iteration # 18 : exp: Yand_com; act: Яндекс]&apos;);"><span style="display:inline;" id="core_SeleniumTest_test_Title_Validation[Iteration # 18 : exp: Yand_com; act: &#x42f;&#x43d;&#x434;&#x435;&#x43a;&#x441;]off"> + </span><span style="display:none;" id="core_SeleniumTest_test_Title_Validation[Iteration # 18 : exp: Yand_com; act: &#x42f;&#x43d;&#x434;&#x435;&#x43a;&#x441;]on"> - </span>[ Detail ]</a></div></td>
<td>0</td></tr>
<tr class="b">
<td></td>
<td>FAILED expected:&lt;[Yand.com]&gt; but was:&lt;[&#x42f;&#x43d;&#x434;&#x435;&#x43a;&#x441;]&gt;</td>
<td></td></tr>
<tr class="a">
<td></td>
<td>
<div id="core_SeleniumTest_test_Title_Validation[Iteration # 18 : exp: Yand_com; act: &#x42f;&#x43d;&#x434;&#x435;&#x43a;&#x441;]error" style="display:none;">
<div>
<pre>org.junit.ComparisonFailure: FAILED expected:&lt;[Yand.com]&gt; but was:&lt;[&#x42f;&#x43d;&#x434;&#x435;&#x43a;&#x441;]&gt;at org.junit.Assert.assertEquals(Assert.java:115)at core.SeleniumTest.test_Title_Validation(SeleniumTest.java:58)at sun.reflect.GeneratedMethodAccessor8.invoke(Unknown Source)at sun.reflect.DelegatingMethodAccessorImpl.invoke(DelegatingMethodAccessorImpl.java:43)at java.lang.reflect.Method.invoke(Method.java:483)at org.junit.runners.model.FrameworkMethod$1.runReflectiveCall(FrameworkMethod.java:47)at org.junit.internal.runners.model.ReflectiveCallable.run(ReflectiveCallable.java:12)at org.junit.runners.model.FrameworkMethod.invokeExplosively(FrameworkMethod.java:44)at org.junit.internal.runners.statements.InvokeMethod.evaluate(InvokeMethod.java:17)at org.junit.runners.ParentRunner.runLeaf(ParentRunner.java:271)at org.junit.runners.BlockJUnit4ClassRunner.runChild(BlockJUnit4ClassRunner.java:70)at org.junit.runners.BlockJUnit4ClassRunner.runChild(BlockJUnit4ClassRunner.java:50)at org.junit.runners.ParentRunner$3.run(ParentRunner.java:238)at org.junit.runners.ParentRunner$1.schedule(ParentRunner.java:63)at org.junit.runners.ParentRunner.runChildren(ParentRunner.java:236)at org.junit.runners.ParentRunner.access$000(ParentRunner.java:53)at org.junit.runners.ParentRunner$2.evaluate(ParentRunner.java:229)at org.junit.runners.ParentRunner.run(ParentRunner.java:309)at org.junit.runners.Suite.runChild(Suite.java:127)at org.junit.runners.Suite.runChild(Suite.java:26)at org.junit.runners.ParentRunner$3.run(ParentRunner.java:238)at org.junit.runners.ParentRunner$1.schedule(ParentRunner.java:63)at org.junit.runners.ParentRunner.runChildren(ParentRunner.java:236)at org.junit.runners.ParentRunner.access$000(ParentRunner.java:53)at org.junit.runners.ParentRunner$2.evaluate(ParentRunner.java:229)at org.junit.internal.runners.statements.RunBefores.evaluate(RunBefores.java:26)at org.junit.runners.ParentRunner.run(ParentRunner.java:309)at org.junit.runners.Suite.runChild(Suite.java:127)at org.junit.runners.Suite.runChild(Suite.java:26)at org.junit.runners.ParentRunner$3.run(ParentRunner.java:238)at org.junit.runners.ParentRunner$1.schedule(ParentRunner.java:63)at org.junit.runners.ParentRunner.runChildren(ParentRunner.java:236)at org.junit.runners.ParentRunner.access$000(ParentRunner.java:53)at org.junit.runners.ParentRunner$2.evaluate(ParentRunner.java:229)at org.junit.runners.ParentRunner.run(ParentRunner.java:309)at org.apache.maven.surefire.junit4.JUnit4Provider.execute(JUnit4Provider.java:252)at org.apache.maven.surefire.junit4.JUnit4Provider.executeTestSet(JUnit4Provider.java:141)at org.apache.maven.surefire.junit4.JUnit4Provider.invoke(JUnit4Provider.java:112)at sun.reflect.NativeMethodAccessorImpl.invoke0(Native Method)at sun.reflect.NativeMethodAccessorImpl.invoke(NativeMethodAccessorImpl.java:62)at sun.reflect.DelegatingMethodAccessorImpl.invoke(DelegatingMethodAccessorImpl.java:43)at java.lang.reflect.Method.invoke(Method.java:483)at org.apache.maven.surefire.util.ReflectionUtils.invokeMethodWithArray(ReflectionUtils.java:189)at org.apache.maven.surefire.booter.ProviderFactory$ProviderProxy.invoke(ProviderFactory.java:165)at org.apache.maven.surefire.booter.ProviderFactory.invokeProvider(ProviderFactory.java:85)at org.apache.maven.surefire.booter.ForkedBooter.runSuitesInProcess(ForkedBooter.java:115)at org.apache.maven.surefire.booter.ForkedBooter.main(ForkedBooter.java:75)</pre></div></div></td>
<td></td></tr>
<tr class="b">
<td><a href="#core.SeleniumTest.test_Title_Validation[Iteration # 19 : exp: yandex.net; act: Яндекс]"><img src="images/icon_error_sml.gif" alt="" /></a></td>
<td><a href="#core.SeleniumTest.test_Title_Validation[Iteration # 19 : exp: yandex.net; act: Яндекс]">test_Title_Validation[Iteration # 19 : exp: yandex.net; act: &#x42f;&#x43d;&#x434;&#x435;&#x43a;&#x441;]</a>
<div class="detailToggle" style="display:inline"><a href="javascript:toggleDisplay(&apos;core_SeleniumTest_test_Title_Validation[Iteration # 19 : exp: yandex_net; act: Яндекс]&apos;);"><span style="display:inline;" id="core_SeleniumTest_test_Title_Validation[Iteration # 19 : exp: yandex_net; act: &#x42f;&#x43d;&#x434;&#x435;&#x43a;&#x441;]off"> + </span><span style="display:none;" id="core_SeleniumTest_test_Title_Validation[Iteration # 19 : exp: yandex_net; act: &#x42f;&#x43d;&#x434;&#x435;&#x43a;&#x441;]on"> - </span>[ Detail ]</a></div></td>
<td>0.001</td></tr>
<tr class="a">
<td></td>
<td>FAILED expected:&lt;[yandex.net]&gt; but was:&lt;[&#x42f;&#x43d;&#x434;&#x435;&#x43a;&#x441;]&gt;</td>
<td></td></tr>
<tr class="b">
<td></td>
<td>
<div id="core_SeleniumTest_test_Title_Validation[Iteration # 19 : exp: yandex_net; act: &#x42f;&#x43d;&#x434;&#x435;&#x43a;&#x441;]error" style="display:none;">
<div>
<pre>org.junit.ComparisonFailure: FAILED expected:&lt;[yandex.net]&gt; but was:&lt;[&#x42f;&#x43d;&#x434;&#x435;&#x43a;&#x441;]&gt;at org.junit.Assert.assertEquals(Assert.java:115)at core.SeleniumTest.test_Title_Validation(SeleniumTest.java:58)at sun.reflect.GeneratedMethodAccessor8.invoke(Unknown Source)at sun.reflect.DelegatingMethodAccessorImpl.invoke(DelegatingMethodAccessorImpl.java:43)at java.lang.reflect.Method.invoke(Method.java:483)at org.junit.runners.model.FrameworkMethod$1.runReflectiveCall(FrameworkMethod.java:47)at org.junit.internal.runners.model.ReflectiveCallable.run(ReflectiveCallable.java:12)at org.junit.runners.model.FrameworkMethod.invokeExplosively(FrameworkMethod.java:44)at org.junit.internal.runners.statements.InvokeMethod.evaluate(InvokeMethod.java:17)	at org.junit.runners.ParentRunner.runLeaf(ParentRunner.java:271)at org.junit.runners.BlockJUnit4ClassRunner.runChild(BlockJUnit4ClassRunner.java:70)at org.junit.runners.BlockJUnit4ClassRunner.runChild(BlockJUnit4ClassRunner.java:50)at org.junit.runners.ParentRunner$3.run(ParentRunner.java:238)at org.junit.runners.ParentRunner$1.schedule(ParentRunner.java:63)at org.junit.runners.ParentRunner.runChildren(ParentRunner.java:236)at org.junit.runners.ParentRunner.access$000(ParentRunner.java:53)at org.junit.runners.ParentRunner$2.evaluate(ParentRunner.java:229)at org.junit.runners.ParentRunner.run(ParentRunner.java:309)at org.junit.runners.Suite.runChild(Suite.java:127)at org.junit.runners.Suite.runChild(Suite.java:26)at org.junit.runners.ParentRunner$3.run(ParentRunner.java:238)at org.junit.runners.ParentRunner$1.schedule(ParentRunner.java:63)at org.junit.runners.ParentRunner.runChildren(ParentRunner.java:236)at org.junit.runners.ParentRunner.access$000(ParentRunner.java:53)at org.junit.runners.ParentRunner$2.evaluate(ParentRunner.java:229)at org.junit.internal.runners.statements.RunBefores.evaluate(RunBefores.java:26)at org.junit.runners.ParentRunner.run(ParentRunner.java:309)at org.junit.runners.Suite.runChild(Suite.java:127)at org.junit.runners.Suite.runChild(Suite.java:26)at org.junit.runners.ParentRunner$3.run(ParentRunner.java:238)at org.junit.runners.ParentRunner$1.schedule(ParentRunner.java:63)at org.junit.runners.ParentRunner.runChildren(ParentRunner.java:236)at org.junit.runners.ParentRunner.access$000(ParentRunner.java:53)at org.junit.runners.ParentRunner$2.evaluate(ParentRunner.java:229)at org.junit.runners.ParentRunner.run(ParentRunner.java:309)at org.apache.maven.surefire.junit4.JUnit4Provider.execute(JUnit4Provider.java:252)at org.apache.maven.surefire.junit4.JUnit4Provider.executeTestSet(JUnit4Provider.java:141)at org.apache.maven.surefire.junit4.JUnit4Provider.invoke(JUnit4Provider.java:112)at sun.reflect.NativeMethodAccessorImpl.invoke0(Native Method)at sun.reflect.NativeMethodAccessorImpl.invoke(NativeMethodAccessorImpl.java:62)at sun.reflect.DelegatingMethodAccessorImpl.invoke(DelegatingMethodAccessorImpl.java:43)at java.lang.reflect.Method.invoke(Method.java:483)at org.apache.maven.surefire.util.ReflectionUtils.invokeMethodWithArray(ReflectionUtils.java:189)at org.apache.maven.surefire.booter.ProviderFactory$ProviderProxy.invoke(ProviderFactory.java:165)at org.apache.maven.surefire.booter.ProviderFactory.invokeProvider(ProviderFactory.java:85)at org.apache.maven.surefire.booter.ForkedBooter.runSuitesInProcess(ForkedBooter.java:115)at org.apache.maven.surefire.booter.ForkedBooter.main(ForkedBooter.java:75)</pre></div></div></td>
<td></td></tr>
<tr class="a">
<td><a href="#core.SeleniumTest.test_Title_Validation[Iteration # 20 : exp: yandex.; act: Яндекс]"><img src="images/icon_error_sml.gif" alt="" /></a></td>
<td><a href="#core.SeleniumTest.test_Title_Validation[Iteration # 20 : exp: yandex.; act: Яндекс]">test_Title_Validation[Iteration # 20 : exp: yandex.; act: &#x42f;&#x43d;&#x434;&#x435;&#x43a;&#x441;]</a>
<div class="detailToggle" style="display:inline"><a href="javascript:toggleDisplay(&apos;core_SeleniumTest_test_Title_Validation[Iteration # 20 : exp: yandex_; act: Яндекс]&apos;);"><span style="display:inline;" id="core_SeleniumTest_test_Title_Validation[Iteration # 20 : exp: yandex_; act: &#x42f;&#x43d;&#x434;&#x435;&#x43a;&#x441;]off"> + </span><span style="display:none;" id="core_SeleniumTest_test_Title_Validation[Iteration # 20 : exp: yandex_; act: &#x42f;&#x43d;&#x434;&#x435;&#x43a;&#x441;]on"> - </span>[ Detail ]</a></div></td>
<td>0.001</td></tr>
<tr class="b">
<td></td>
<td>FAILED expected:&lt;[yandex.]&gt; but was:&lt;[&#x42f;&#x43d;&#x434;&#x435;&#x43a;&#x441;]&gt;</td>
<td></td></tr>
<tr class="a">
<td></td>
<td>
<div id="core_SeleniumTest_test_Title_Validation[Iteration # 20 : exp: yandex_; act: &#x42f;&#x43d;&#x434;&#x435;&#x43a;&#x441;]error" style="display:none;">
<div>
<pre>org.junit.ComparisonFailure: FAILED expected:&lt;[yandex.]&gt; but was:&lt;[&#x42f;&#x43d;&#x434;&#x435;&#x43a;&#x441;]&gt;at org.junit.Assert.assertEquals(Assert.java:115)at core.SeleniumTest.test_Title_Validation(SeleniumTest.java:58)at sun.reflect.GeneratedMethodAccessor8.invoke(Unknown Source)at sun.reflect.DelegatingMethodAccessorImpl.invoke(DelegatingMethodAccessorImpl.java:43)at java.lang.reflect.Method.invoke(Method.java:483)at org.junit.runners.model.FrameworkMethod$1.runReflectiveCall(FrameworkMethod.java:47)at org.junit.internal.runners.model.ReflectiveCallable.run(ReflectiveCallable.java:12)at org.junit.runners.model.FrameworkMethod.invokeExplosively(FrameworkMethod.java:44)at org.junit.internal.runners.statements.InvokeMethod.evaluate(InvokeMethod.java:17)at org.junit.runners.ParentRunner.runLeaf(ParentRunner.java:271)at org.junit.runners.BlockJUnit4ClassRunner.runChild(BlockJUnit4ClassRunner.java:70)at org.junit.runners.BlockJUnit4ClassRunner.runChild(BlockJUnit4ClassRunner.java:50)at org.junit.runners.ParentRunner$3.run(ParentRunner.java:238)at org.junit.runners.ParentRunner$1.schedule(ParentRunner.java:63)at org.junit.runners.ParentRunner.runChildren(ParentRunner.java:236)at org.junit.runners.ParentRunner.access$000(ParentRunner.java:53)at org.junit.runners.ParentRunner$2.evaluate(ParentRunner.java:229)at org.junit.runners.ParentRunner.run(ParentRunner.java:309)at org.junit.runners.Suite.runChild(Suite.java:127)at org.junit.runners.Suite.runChild(Suite.java:26)at org.junit.runners.ParentRunner$3.run(ParentRunner.java:238)at org.junit.runners.ParentRunner$1.schedule(ParentRunner.java:63)at org.junit.runners.ParentRunner.runChildren(ParentRunner.java:236)at org.junit.runners.ParentRunner.access$000(ParentRunner.java:53)at org.junit.runners.ParentRunner$2.evaluate(ParentRunner.java:229)at org.junit.internal.runners.statements.RunBefores.evaluate(RunBefores.java:26)at org.junit.runners.ParentRunner.run(ParentRunner.java:309)at org.junit.runners.Suite.runChild(Suite.java:127)at org.junit.runners.Suite.runChild(Suite.java:26)at org.junit.runners.ParentRunner$3.run(ParentRunner.java:238)at org.junit.runners.ParentRunner$1.schedule(ParentRunner.java:63)at org.junit.runners.ParentRunner.runChildren(ParentRunner.java:236)at org.junit.runners.ParentRunner.access$000(ParentRunner.java:53)at org.junit.runners.ParentRunner$2.evaluate(ParentRunner.java:229)at org.junit.runners.ParentRunner.run(ParentRunner.java:309)at org.apache.maven.surefire.junit4.JUnit4Provider.execute(JUnit4Provider.java:252)at org.apache.maven.surefire.junit4.JUnit4Provider.executeTestSet(JUnit4Provider.java:141)at org.apache.maven.surefire.junit4.JUnit4Provider.invoke(JUnit4Provider.java:112)at sun.reflect.NativeMethodAccessorImpl.invoke0(Native Method)at sun.reflect.NativeMethodAccessorImpl.invoke(NativeMethodAccessorImpl.java:62)at sun.reflect.DelegatingMethodAccessorImpl.invoke(DelegatingMethodAccessorImpl.java:43)at java.lang.reflect.Method.invoke(Method.java:483)at org.apache.maven.surefire.util.ReflectionUtils.invokeMethodWithArray(ReflectionUtils.java:189)at org.apache.maven.surefire.booter.ProviderFactory$ProviderProxy.invoke(ProviderFactory.java:165)at org.apache.maven.surefire.booter.ProviderFactory.invokeProvider(ProviderFactory.java:85)at org.apache.maven.surefire.booter.ForkedBooter.runSuitesInProcess(ForkedBooter.java:115)at org.apache.maven.surefire.booter.ForkedBooter.main(ForkedBooter.java:75)</pre></div></div></td>
<td></td></tr>
<tr class="b">
<td><a href="#core.SeleniumTest.test_Title_Validation[Iteration # 21 : exp: yandex.ua; act: Яндекс]"><img src="images/icon_error_sml.gif" alt="" /></a></td>
<td><a href="#core.SeleniumTest.test_Title_Validation[Iteration # 21 : exp: yandex.ua; act: Яндекс]">test_Title_Validation[Iteration # 21 : exp: yandex.ua; act: &#x42f;&#x43d;&#x434;&#x435;&#x43a;&#x441;]</a>
<div class="detailToggle" style="display:inline"><a href="javascript:toggleDisplay(&apos;core_SeleniumTest_test_Title_Validation[Iteration # 21 : exp: yandex_ua; act: Яндекс]&apos;);"><span style="display:inline;" id="core_SeleniumTest_test_Title_Validation[Iteration # 21 : exp: yandex_ua; act: &#x42f;&#x43d;&#x434;&#x435;&#x43a;&#x441;]off"> + </span><span style="display:none;" id="core_SeleniumTest_test_Title_Validation[Iteration # 21 : exp: yandex_ua; act: &#x42f;&#x43d;&#x434;&#x435;&#x43a;&#x441;]on"> - </span>[ Detail ]</a></div></td>
<td>0.002</td></tr>
<tr class="a">
<td></td>
<td>FAILED expected:&lt;[yandex.ua]&gt; but was:&lt;[&#x42f;&#x43d;&#x434;&#x435;&#x43a;&#x441;]&gt;</td>
<td></td></tr>
<tr class="b">
<td></td>
<td>
<div id="core_SeleniumTest_test_Title_Validation[Iteration # 21 : exp: yandex_ua; act: &#x42f;&#x43d;&#x434;&#x435;&#x43a;&#x441;]error" style="display:none;">
<div>
<pre>org.junit.ComparisonFailure: FAILED expected:&lt;[yandex.ua]&gt; but was:&lt;[&#x42f;&#x43d;&#x434;&#x435;&#x43a;&#x441;]&gt;at org.junit.Assert.assertEquals(Assert.java:115)at core.SeleniumTest.test_Title_Validation(SeleniumTest.java:58)at sun.reflect.GeneratedMethodAccessor8.invoke(Unknown Source)at sun.reflect.DelegatingMethodAccessorImpl.invoke(DelegatingMethodAccessorImpl.java:43)at java.lang.reflect.Method.invoke(Method.java:483)at org.junit.runners.model.FrameworkMethod$1.runReflectiveCall(FrameworkMethod.java:47)at org.junit.internal.runners.model.ReflectiveCallable.run(ReflectiveCallable.java:12)at org.junit.runners.model.FrameworkMethod.invokeExplosively(FrameworkMethod.java:44)at org.junit.internal.runners.statements.InvokeMethod.evaluate(InvokeMethod.java:17)at org.junit.runners.ParentRunner.runLeaf(ParentRunner.java:271)at org.junit.runners.BlockJUnit4ClassRunner.runChild(BlockJUnit4ClassRunner.java:70)at org.junit.runners.BlockJUnit4ClassRunner.runChild(BlockJUnit4ClassRunner.java:50)at org.junit.runners.ParentRunner$3.run(ParentRunner.java:238)at org.junit.runners.ParentRunner$1.schedule(ParentRunner.java:63)at org.junit.runners.ParentRunner.runChildren(ParentRunner.java:236)at org.junit.runners.ParentRunner.access$000(ParentRunner.java:53)at org.junit.runners.ParentRunner$2.evaluate(ParentRunner.java:229)at org.junit.runners.ParentRunner.run(ParentRunner.java:309)at org.junit.runners.Suite.runChild(Suite.java:127)at org.junit.runners.Suite.runChild(Suite.java:26)at org.junit.runners.ParentRunner$3.run(ParentRunner.java:238)at org.junit.runners.ParentRunner$1.schedule(ParentRunner.java:63)at org.junit.runners.ParentRunner.runChildren(ParentRunner.java:236)at org.junit.runners.ParentRunner.access$000(ParentRunner.java:53)at org.junit.runners.ParentRunner$2.evaluate(ParentRunner.java:229)at org.junit.internal.runners.statements.RunBefores.evaluate(RunBefores.java:26)at org.junit.runners.ParentRunner.run(ParentRunner.java:309)at org.junit.runners.Suite.runChild(Suite.java:127)at org.junit.runners.Suite.runChild(Suite.java:26)at org.junit.runners.ParentRunner$3.run(ParentRunner.java:238)at org.junit.runners.ParentRunner$1.schedule(ParentRunner.java:63)at org.junit.runners.ParentRunner.runChildren(ParentRunner.java:236)at org.junit.runners.ParentRunner.access$000(ParentRunner.java:53)at org.junit.runners.ParentRunner$2.evaluate(ParentRunner.java:229)at org.junit.runners.ParentRunner.run(ParentRunner.java:309)at org.apache.maven.surefire.junit4.JUnit4Provider.execute(JUnit4Provider.java:252)at org.apache.maven.surefire.junit4.JUnit4Provider.executeTestSet(JUnit4Provider.java:141)at org.apache.maven.surefire.junit4.JUnit4Provider.invoke(JUnit4Provider.java:112)at sun.reflect.NativeMethodAccessorImpl.invoke0(Native Method)at sun.reflect.NativeMethodAccessorImpl.invoke(NativeMethodAccessorImpl.java:62)at sun.reflect.DelegatingMethodAccessorImpl.invoke(DelegatingMethodAccessorImpl.java:43)at java.lang.reflect.Method.invoke(Method.java:483)at org.apache.maven.surefire.util.ReflectionUtils.invokeMethodWithArray(ReflectionUtils.java:189)at org.apache.maven.surefire.booter.ProviderFactory$ProviderProxy.invoke(ProviderFactory.java:165)at org.apache.maven.surefire.booter.ProviderFactory.invokeProvider(ProviderFactory.java:85)at org.apache.maven.surefire.booter.ForkedBooter.runSuitesInProcess(ForkedBooter.java:115)at org.apache.maven.surefire.booter.ForkedBooter.main(ForkedBooter.java:75)</pre></div></div></td>
<td></td></tr>
<tr class="a">
<td><a href="#core.SeleniumTest.test_Title_Validation[Iteration # 22 : exp: yandex.du; act: Яндекс]"><img src="images/icon_error_sml.gif" alt="" /></a></td>
<td><a href="#core.SeleniumTest.test_Title_Validation[Iteration # 22 : exp: yandex.du; act: Яндекс]">test_Title_Validation[Iteration # 22 : exp: yandex.du; act: &#x42f;&#x43d;&#x434;&#x435;&#x43a;&#x441;]</a>
<div class="detailToggle" style="display:inline"><a href="javascript:toggleDisplay(&apos;core_SeleniumTest_test_Title_Validation[Iteration # 22 : exp: yandex_du; act: Яндекс]&apos;);"><span style="display:inline;" id="core_SeleniumTest_test_Title_Validation[Iteration # 22 : exp: yandex_du; act: &#x42f;&#x43d;&#x434;&#x435;&#x43a;&#x441;]off"> + </span><span style="display:none;" id="core_SeleniumTest_test_Title_Validation[Iteration # 22 : exp: yandex_du; act: &#x42f;&#x43d;&#x434;&#x435;&#x43a;&#x441;]on"> - </span>[ Detail ]</a></div></td>
<td>0.006</td></tr>
<tr class="b">
<td></td>
<td>FAILED expected:&lt;[yandex.du]&gt; but was:&lt;[&#x42f;&#x43d;&#x434;&#x435;&#x43a;&#x441;]&gt;</td>
<td></td></tr>
<tr class="a">
<td></td>
<td>
<div id="core_SeleniumTest_test_Title_Validation[Iteration # 22 : exp: yandex_du; act: &#x42f;&#x43d;&#x434;&#x435;&#x43a;&#x441;]error" style="display:none;">
<div>
<pre>org.junit.ComparisonFailure: FAILED expected:&lt;[yandex.du]&gt; but was:&lt;[&#x42f;&#x43d;&#x434;&#x435;&#x43a;&#x441;]&gt;at org.junit.Assert.assertEquals(Assert.java:115)at core.SeleniumTest.test_Title_Validation(SeleniumTest.java:58)at sun.reflect.GeneratedMethodAccessor8.invoke(Unknown Source)at sun.reflect.DelegatingMethodAccessorImpl.invoke(DelegatingMethodAccessorImpl.java:43)at java.lang.reflect.Method.invoke(Method.java:483)at org.junit.runners.model.FrameworkMethod$1.runReflectiveCall(FrameworkMethod.java:47)at org.junit.internal.runners.model.ReflectiveCallable.run(ReflectiveCallable.java:12)at org.junit.runners.model.FrameworkMethod.invokeExplosively(FrameworkMethod.java:44)at org.junit.internal.runners.statements.InvokeMethod.evaluate(InvokeMethod.java:17)at org.junit.runners.ParentRunner.runLeaf(ParentRunner.java:271)at org.junit.runners.BlockJUnit4ClassRunner.runChild(BlockJUnit4ClassRunner.java:70)at org.junit.runners.BlockJUnit4ClassRunner.runChild(BlockJUnit4ClassRunner.java:50)at org.junit.runners.ParentRunner$3.run(ParentRunner.java:238)at org.junit.runners.ParentRunner$1.schedule(ParentRunner.java:63)at org.junit.runners.ParentRunner.runChildren(ParentRunner.java:236)at org.junit.runners.ParentRunner.access$000(ParentRunner.java:53)at org.junit.runners.ParentRunner$2.evaluate(ParentRunner.java:229)at org.junit.runners.ParentRunner.run(ParentRunner.java:309)at org.junit.runners.Suite.runChild(Suite.java:127)at org.junit.runners.Suite.runChild(Suite.java:26)at org.junit.runners.ParentRunner$3.run(ParentRunner.java:238)at org.junit.runners.ParentRunner$1.schedule(ParentRunner.java:63)at org.junit.runners.ParentRunner.runChildren(ParentRunner.java:236)at org.junit.runners.ParentRunner.access$000(ParentRunner.java:53)at org.junit.runners.ParentRunner$2.evaluate(ParentRunner.java:229)at org.junit.internal.runners.statements.RunBefores.evaluate(RunBefores.java:26)at org.junit.runners.ParentRunner.run(ParentRunner.java:309)at org.junit.runners.Suite.runChild(Suite.java:127)at org.junit.runners.Suite.runChild(Suite.java:26)at org.junit.runners.ParentRunner$3.run(ParentRunner.java:238)at org.junit.runners.ParentRunner$1.schedule(ParentRunner.java:63)at org.junit.runners.ParentRunner.runChildren(ParentRunner.java:236)at org.junit.runners.ParentRunner.access$000(ParentRunner.java:53)at org.junit.runners.ParentRunner$2.evaluate(ParentRunner.java:229)at org.junit.runners.ParentRunner.run(ParentRunner.java:309)at org.apache.maven.surefire.junit4.JUnit4Provider.execute(JUnit4Provider.java:252)at org.apache.maven.surefire.junit4.JUnit4Provider.executeTestSet(JUnit4Provider.java:141)at org.apache.maven.surefire.junit4.JUnit4Provider.invoke(JUnit4Provider.java:112)at sun.reflect.NativeMethodAccessorImpl.invoke0(Native Method)at sun.reflect.NativeMethodAccessorImpl.invoke(NativeMethodAccessorImpl.java:62)at sun.reflect.DelegatingMethodAccessorImpl.invoke(DelegatingMethodAccessorImpl.java:43)at java.lang.reflect.Method.invoke(Method.java:483)at org.apache.maven.surefire.util.ReflectionUtils.invokeMethodWithArray(ReflectionUtils.java:189)at org.apache.maven.surefire.booter.ProviderFactory$ProviderProxy.invoke(ProviderFactory.java:165)at org.apache.maven.surefire.booter.ProviderFactory.invokeProvider(ProviderFactory.java:85)at org.apache.maven.surefire.booter.ForkedBooter.runSuitesInProcess(ForkedBooter.java:115)at org.apache.maven.surefire.booter.ForkedBooter.main(ForkedBooter.java:75)</pre></div></div></td>
<td></td></tr>
<tr class="b">
<td><a href="#core.SeleniumTest.test_Title_Validation[Iteration # 23 : exp: learn2test.net; act: Яндекс]"><img src="images/icon_error_sml.gif" alt="" /></a></td>
<td><a href="#core.SeleniumTest.test_Title_Validation[Iteration # 23 : exp: learn2test.net; act: Яндекс]">test_Title_Validation[Iteration # 23 : exp: learn2test.net; act: &#x42f;&#x43d;&#x434;&#x435;&#x43a;&#x441;]</a>
<div class="detailToggle" style="display:inline"><a href="javascript:toggleDisplay(&apos;core_SeleniumTest_test_Title_Validation[Iteration # 23 : exp: learn2test_net; act: Яндекс]&apos;);"><span style="display:inline;" id="core_SeleniumTest_test_Title_Validation[Iteration # 23 : exp: learn2test_net; act: &#x42f;&#x43d;&#x434;&#x435;&#x43a;&#x441;]off"> + </span><span style="display:none;" id="core_SeleniumTest_test_Title_Validation[Iteration # 23 : exp: learn2test_net; act: &#x42f;&#x43d;&#x434;&#x435;&#x43a;&#x441;]on"> - </span>[ Detail ]</a></div></td>
<td>0.001</td></tr>
<tr class="a">
<td></td>
<td>FAILED expected:&lt;[learn2test.net]&gt; but was:&lt;[&#x42f;&#x43d;&#x434;&#x435;&#x43a;&#x441;]&gt;</td>
<td></td></tr>
<tr class="b">
<td></td>
<td>
<div id="core_SeleniumTest_test_Title_Validation[Iteration # 23 : exp: learn2test_net; act: &#x42f;&#x43d;&#x434;&#x435;&#x43a;&#x441;]error" style="display:none;">
<div>
<pre>org.junit.ComparisonFailure: FAILED expected:&lt;[learn2test.net]&gt; but was:&lt;[&#x42f;&#x43d;&#x434;&#x435;&#x43a;&#x441;]&gt;at org.junit.Assert.assertEquals(Assert.java:115)at core.SeleniumTest.test_Title_Validation(SeleniumTest.java:58)at sun.reflect.GeneratedMethodAccessor8.invoke(Unknown Source)at sun.reflect.DelegatingMethodAccessorImpl.invoke(DelegatingMethodAccessorImpl.java:43)at java.lang.reflect.Method.invoke(Method.java:483)at org.junit.runners.model.FrameworkMethod$1.runReflectiveCall(FrameworkMethod.java:47)at org.junit.internal.runners.model.ReflectiveCallable.run(ReflectiveCallable.java:12)at org.junit.runners.model.FrameworkMethod.invokeExplosively(FrameworkMethod.java:44)at org.junit.internal.runners.statements.InvokeMethod.evaluate(InvokeMethod.java:17)at org.junit.runners.ParentRunner.runLeaf(ParentRunner.java:271)at org.junit.runners.BlockJUnit4ClassRunner.runChild(BlockJUnit4ClassRunner.java:70)at org.junit.runners.BlockJUnit4ClassRunner.runChild(BlockJUnit4ClassRunner.java:50)at org.junit.runners.ParentRunner$3.run(ParentRunner.java:238)at org.junit.runners.ParentRunner$1.schedule(ParentRunner.java:63)at org.junit.runners.ParentRunner.runChildren(ParentRunner.java:236)at org.junit.runners.ParentRunner.access$000(ParentRunner.java:53)at org.junit.runners.ParentRunner$2.evaluate(ParentRunner.java:229)at org.junit.runners.ParentRunner.run(ParentRunner.java:309)at org.junit.runners.Suite.runChild(Suite.java:127)at org.junit.runners.Suite.runChild(Suite.java:26)at org.junit.runners.ParentRunner$3.run(ParentRunner.java:238)at org.junit.runners.ParentRunner$1.schedule(ParentRunner.java:63)at org.junit.runners.ParentRunner.runChildren(ParentRunner.java:236)at org.junit.runners.ParentRunner.access$000(ParentRunner.java:53)at org.junit.runners.ParentRunner$2.evaluate(ParentRunner.java:229)at org.junit.internal.runners.statements.RunBefores.evaluate(RunBefores.java:26)at org.junit.runners.ParentRunner.run(ParentRunner.java:309)at org.junit.runners.Suite.runChild(Suite.java:127)at org.junit.runners.Suite.runChild(Suite.java:26)at org.junit.runners.ParentRunner$3.run(ParentRunner.java:238)at org.junit.runners.ParentRunner$1.schedule(ParentRunner.java:63)at org.junit.runners.ParentRunner.runChildren(ParentRunner.java:236)at org.junit.runners.ParentRunner.access$000(ParentRunner.java:53)at org.junit.runners.ParentRunner$2.evaluate(ParentRunner.java:229)at org.junit.runners.ParentRunner.run(ParentRunner.java:309)at org.apache.maven.surefire.junit4.JUnit4Provider.execute(JUnit4Provider.java:252)at org.apache.maven.surefire.junit4.JUnit4Provider.executeTestSet(JUnit4Provider.java:141)at org.apache.maven.surefire.junit4.JUnit4Provider.invoke(JUnit4Provider.java:112)at sun.reflect.NativeMethodAccessorImpl.invoke0(Native Method)at sun.reflect.NativeMethodAccessorImpl.invoke(NativeMethodAccessorImpl.java:62)at sun.reflect.DelegatingMethodAccessorImpl.invoke(DelegatingMethodAccessorImpl.java:43)at java.lang.reflect.Method.invoke(Method.java:483)at org.apache.maven.surefire.util.ReflectionUtils.invokeMethodWithArray(ReflectionUtils.java:189)at org.apache.maven.surefire.booter.ProviderFactory$ProviderProxy.invoke(ProviderFactory.java:165)at org.apache.maven.surefire.booter.ProviderFactory.invokeProvider(ProviderFactory.java:85)at org.apache.maven.surefire.booter.ForkedBooter.runSuitesInProcess(ForkedBooter.java:115)at org.apache.maven.surefire.booter.ForkedBooter.main(ForkedBooter.java:75)</pre></div></div></td>
<td></td></tr>
<tr class="a">
<td><img src="images/icon_success_sml.gif" alt="" /></td>
<td>test_Title_Validation[Iteration # 24 : exp: learn2test.net; act: learn2test.net]</td>
<td>0</td></tr></table></div><br /></div>
<div class="section">
<h2>Failure Details<a name="Failure_Details"></a></h2><a name="Failure_Details"></a>
<p>[<a href="#Summary">Summary</a>] [<a href="#Package_List">Package List</a>] [<a href="#Test_Cases">Test Cases</a>]</p><br />
<table border="1" class="bodyTable">
<tr class="a">
<td><img src="images/icon_error_sml.gif" alt="" /></td>
<td><a name="core.SeleniumTest.test_Title_ValidationIteration__3_:_exp:_learn_act:_learn2test.net"></a>test_Title_Validation[Iteration # 3 : exp: learn; act: learn2test.net]</td></tr>
<tr class="b">
<td></td>
<td>org.junit.ComparisonFailure: FAILED expected:&lt;learn[]&gt; but was:&lt;learn[2test.net]&gt;</td></tr>
<tr class="a">
<td></td>
<td>
<div id="test_Title_Validation[Iteration # 3 : exp: learn; act: learn2test.net]error">core.SeleniumTest:</div></td></tr>
<tr class="b">
<td><img src="images/icon_error_sml.gif" alt="" /></td>
<td><a name="core.SeleniumTest.test_Title_ValidationIteration__4_:_exp:_learn2test.com_act:_learn2test.net"></a>test_Title_Validation[Iteration # 4 : exp: learn2test.com; act: learn2test.net]</td></tr>
<tr class="a">
<td></td>
<td>org.junit.ComparisonFailure: FAILED expected:&lt;learn2test.[com]&gt; but was:&lt;learn2test.[net]&gt;</td></tr>
<tr class="b">
<td></td>
<td>
<div id="test_Title_Validation[Iteration # 4 : exp: learn2test.com; act: learn2test.net]error">core.SeleniumTest:</div></td></tr>
<tr class="a">
<td><img src="images/icon_error_sml.gif" alt="" /></td>
<td><a name="core.SeleniumTest.test_Title_ValidationIteration__5_:_exp:_learn2test_act:_learn2test.net"></a>test_Title_Validation[Iteration # 5 : exp: learn2test; act: learn2test.net]</td></tr>
<tr class="b">
<td></td>
<td>org.junit.ComparisonFailure: FAILED expected:&lt;learn2test[]&gt; but was:&lt;learn2test[.net]&gt;</td></tr>
<tr class="a">
<td></td>
<td>
<div id="test_Title_Validation[Iteration # 5 : exp: learn2test; act: learn2test.net]error">core.SeleniumTest:</div></td></tr>
<tr class="b">
<td><img src="images/icon_error_sml.gif" alt="" /></td>
<td><a name="core.SeleniumTest.test_Title_ValidationIteration__6_:_exp:_Tutorials_for_jQueryUI_act:_Tutorials_for_LISP_jQueryUI_QC_D_Programming_JCL_Computer_Programming_Cloud_Computing_Java_DIP_Bootstrap_Lua_DBMS_QTP_Data_Mining_Javamail_API_MongoDB_Git_Swing_Objective_C_Android_jMeter_Data_Communication_MIS_AWT_SVN_TestNG_VBScript_MATLAB_EJB_IPv6_IPv4_E-Commerce_PostgreSQL_SQLite_SDLC_Assembly_Operating_System_JasperReports_JSON_iOS_Design_Pattern_VB.Net_Computer_Fundamentals_JSF_C_Sharp_Flex_GWT_PLSQL_Eclipse_JUnit_Pascal_Maven_Scala_Spring_Struts_2_HTML5_ANT_iBATIS_log4j_Hibernate_JSP_JAVA_JDBC_AJAX_WAP_SQL_MySQL_CC_PERL_PHP_Ruby_Ruby_on_Rails_Python_HTML_XHTML_CSS_CGI_Shell_Unix_JavaScript_jQuery_Radius_UML_GPRS_GSMi-Mode_WiFi_WML_WiMax_SOAP_UDDI_Socket_WSDL_Makefile_Prototype_Six_Sigma_CMMI_EVM_PMP_Exams"></a>test_Title_Validation[Iteration # 6 : exp: Tutorials for jQueryUI; act: Tutorials for LISP, jQueryUI, QC, D Programming, JCL, Computer Programming, Cloud Computing, Java DIP, Bootstrap, Lua, DBMS, QTP, Data Mining, Javamail API, MongoDB, Git, Swing, Objective C, Android, jMeter, Data Communication, MIS, AWT, SVN, TestNG, VBScript, MATLAB, EJB, IPv6, IPv4, E-Commerce, PostgreSQL, SQLite, SDLC, Assembly, Operating System, JasperReports, JSON, iOS, Design Pattern, VB.Net, Computer Fundamentals, JSF, C Sharp, Flex, GWT, PL/SQL, Eclipse, JUnit, Pascal, Maven, Scala, Spring, Struts 2, HTML5, ANT, iBATIS, log4j, Hibernate, JSP, JAVA, JDBC, AJAX, WAP, SQL, MySQL, C/C++, PERL, PHP, Ruby, Ruby on Rails, Python, HTML, XHTML, CSS, CGI, Shell, Unix, JavaScript, jQuery, Radius, UML, GPRS, GSM,i-Mode, WiFi, WML, WiMax, SOAP, UDDI, Socket, WSDL, Makefile, Prototype, Six Sigma, CMMI, EVM, PMP Exams]</td></tr>
<tr class="a">
<td></td>
<td>org.junit.ComparisonFailure: FAILED expected:&lt;Tutorials for [jQueryUI]&gt; but was:&lt;Tutorials for [LISP, jQueryUI, QC, D Programming, JCL, Computer Programming, Cloud Computing, Java DIP, Bootstrap, Lua, DBMS, QTP, Data Mining, Javamail API, MongoDB, Git, Swing, Objective C, Android, jMeter, Data Communication, MIS, AWT, SVN, TestNG, VBScript, MATLAB, EJB, IPv6, IPv4, E-Commerce, PostgreSQL, SQLite, SDLC, Assembly, Operating System, JasperReports, JSON, iOS, Design Pattern, VB.Net, Computer Fundamentals, JSF, C Sharp, Flex, GWT, PL/SQL, Eclipse, JUnit, Pascal, Maven, Scala, Spring, Struts 2, HTML5, ANT, iBATIS, log4j, Hibernate, JSP, JAVA, JDBC, AJAX, WAP, SQL, MySQL, C/C++, PERL, PHP, Ruby, Ruby on Rails, Python, HTML, XHTML, CSS, CGI, Shell, Unix, JavaScript, jQuery, Radius, UML, GPRS, GSM,i-Mode, WiFi, WML, WiMax, SOAP, UDDI, Socket, WSDL, Makefile, Prototype, Six Sigma, CMMI, EVM, PMP Exams]&gt;</td></tr>
<tr class="b">
<td></td>
<td>
<div id="test_Title_Validation[Iteration # 6 : exp: Tutorials for jQueryUI; act: Tutorials for LISP, jQueryUI, QC, D Programming, JCL, Computer Programming, Cloud Computing, Java DIP, Bootstrap, Lua, DBMS, QTP, Data Mining, Javamail API, MongoDB, Git, Swing, Objective C, Android, jMeter, Data Communication, MIS, AWT, SVN, TestNG, VBScript, MATLAB, EJB, IPv6, IPv4, E-Commerce, PostgreSQL, SQLite, SDLC, Assembly, Operating System, JasperReports, JSON, iOS, Design Pattern, VB.Net, Computer Fundamentals, JSF, C Sharp, Flex, GWT, PL/SQL, Eclipse, JUnit, Pascal, Maven, Scala, Spring, Struts 2, HTML5, ANT, iBATIS, log4j, Hibernate, JSP, JAVA, JDBC, AJAX, WAP, SQL, MySQL, C/C++, PERL, PHP, Ruby, Ruby on Rails, Python, HTML, XHTML, CSS, CGI, Shell, Unix, JavaScript, jQuery, Radius, UML, GPRS, GSM,i-Mode, WiFi, WML, WiMax, SOAP, UDDI, Socket, WSDL, Makefile, Prototype, Six Sigma, CMMI, EVM, PMP Exams]error">core.SeleniumTest:</div></td></tr>
<tr class="a">
<td><img src="images/icon_error_sml.gif" alt="" /></td>
<td><a name="core.SeleniumTest.test_Title_ValidationIteration__7_:_exp:_Tutorials_act:_Tutorials_for_LISP_jQueryUI_QC_D_Programming_JCL_Computer_Programming_Cloud_Computing_Java_DIP_Bootstrap_Lua_DBMS_QTP_Data_Mining_Javamail_API_MongoDB_Git_Swing_Objective_C_Android_jMeter_Data_Communication_MIS_AWT_SVN_TestNG_VBScript_MATLAB_EJB_IPv6_IPv4_E-Commerce_PostgreSQL_SQLite_SDLC_Assembly_Operating_System_JasperReports_JSON_iOS_Design_Pattern_VB.Net_Computer_Fundamentals_JSF_C_Sharp_Flex_GWT_PLSQL_Eclipse_JUnit_Pascal_Maven_Scala_Spring_Struts_2_HTML5_ANT_iBATIS_log4j_Hibernate_JSP_JAVA_JDBC_AJAX_WAP_SQL_MySQL_CC_PERL_PHP_Ruby_Ruby_on_Rails_Python_HTML_XHTML_CSS_CGI_Shell_Unix_JavaScript_jQuery_Radius_UML_GPRS_GSMi-Mode_WiFi_WML_WiMax_SOAP_UDDI_Socket_WSDL_Makefile_Prototype_Six_Sigma_CMMI_EVM_PMP_Exams"></a>test_Title_Validation[Iteration # 7 : exp: Tutorials; act: Tutorials for LISP, jQueryUI, QC, D Programming, JCL, Computer Programming, Cloud Computing, Java DIP, Bootstrap, Lua, DBMS, QTP, Data Mining, Javamail API, MongoDB, Git, Swing, Objective C, Android, jMeter, Data Communication, MIS, AWT, SVN, TestNG, VBScript, MATLAB, EJB, IPv6, IPv4, E-Commerce, PostgreSQL, SQLite, SDLC, Assembly, Operating System, JasperReports, JSON, iOS, Design Pattern, VB.Net, Computer Fundamentals, JSF, C Sharp, Flex, GWT, PL/SQL, Eclipse, JUnit, Pascal, Maven, Scala, Spring, Struts 2, HTML5, ANT, iBATIS, log4j, Hibernate, JSP, JAVA, JDBC, AJAX, WAP, SQL, MySQL, C/C++, PERL, PHP, Ruby, Ruby on Rails, Python, HTML, XHTML, CSS, CGI, Shell, Unix, JavaScript, jQuery, Radius, UML, GPRS, GSM,i-Mode, WiFi, WML, WiMax, SOAP, UDDI, Socket, WSDL, Makefile, Prototype, Six Sigma, CMMI, EVM, PMP Exams]</td></tr>
<tr class="b">
<td></td>
<td>org.junit.ComparisonFailure: FAILED expected:&lt;Tutorials[]&gt; but was:&lt;Tutorials[ for LISP, jQueryUI, QC, D Programming, JCL, Computer Programming, Cloud Computing, Java DIP, Bootstrap, Lua, DBMS, QTP, Data Mining, Javamail API, MongoDB, Git, Swing, Objective C, Android, jMeter, Data Communication, MIS, AWT, SVN, TestNG, VBScript, MATLAB, EJB, IPv6, IPv4, E-Commerce, PostgreSQL, SQLite, SDLC, Assembly, Operating System, JasperReports, JSON, iOS, Design Pattern, VB.Net, Computer Fundamentals, JSF, C Sharp, Flex, GWT, PL/SQL, Eclipse, JUnit, Pascal, Maven, Scala, Spring, Struts 2, HTML5, ANT, iBATIS, log4j, Hibernate, JSP, JAVA, JDBC, AJAX, WAP, SQL, MySQL, C/C++, PERL, PHP, Ruby, Ruby on Rails, Python, HTML, XHTML, CSS, CGI, Shell, Unix, JavaScript, jQuery, Radius, UML, GPRS, GSM,i-Mode, WiFi, WML, WiMax, SOAP, UDDI, Socket, WSDL, Makefile, Prototype, Six Sigma, CMMI, EVM, PMP Exams]&gt;</td></tr>
<tr class="a">
<td></td>
<td>
<div id="test_Title_Validation[Iteration # 7 : exp: Tutorials; act: Tutorials for LISP, jQueryUI, QC, D Programming, JCL, Computer Programming, Cloud Computing, Java DIP, Bootstrap, Lua, DBMS, QTP, Data Mining, Javamail API, MongoDB, Git, Swing, Objective C, Android, jMeter, Data Communication, MIS, AWT, SVN, TestNG, VBScript, MATLAB, EJB, IPv6, IPv4, E-Commerce, PostgreSQL, SQLite, SDLC, Assembly, Operating System, JasperReports, JSON, iOS, Design Pattern, VB.Net, Computer Fundamentals, JSF, C Sharp, Flex, GWT, PL/SQL, Eclipse, JUnit, Pascal, Maven, Scala, Spring, Struts 2, HTML5, ANT, iBATIS, log4j, Hibernate, JSP, JAVA, JDBC, AJAX, WAP, SQL, MySQL, C/C++, PERL, PHP, Ruby, Ruby on Rails, Python, HTML, XHTML, CSS, CGI, Shell, Unix, JavaScript, jQuery, Radius, UML, GPRS, GSM,i-Mode, WiFi, WML, WiMax, SOAP, UDDI, Socket, WSDL, Makefile, Prototype, Six Sigma, CMMI, EVM, PMP Exams]error">core.SeleniumTest:</div></td></tr>
<tr class="b">
<td><img src="images/icon_error_sml.gif" alt="" /></td>
<td><a name="core.SeleniumTest.test_Title_ValidationIteration__8_:_exp:_Programming_act:_Tutorials_for_LISP_jQueryUI_QC_D_Programming_JCL_Computer_Programming_Cloud_Computing_Java_DIP_Bootstrap_Lua_DBMS_QTP_Data_Mining_Javamail_API_MongoDB_Git_Swing_Objective_C_Android_jMeter_Data_Communication_MIS_AWT_SVN_TestNG_VBScript_MATLAB_EJB_IPv6_IPv4_E-Commerce_PostgreSQL_SQLite_SDLC_Assembly_Operating_System_JasperReports_JSON_iOS_Design_Pattern_VB.Net_Computer_Fundamentals_JSF_C_Sharp_Flex_GWT_PLSQL_Eclipse_JUnit_Pascal_Maven_Scala_Spring_Struts_2_HTML5_ANT_iBATIS_log4j_Hibernate_JSP_JAVA_JDBC_AJAX_WAP_SQL_MySQL_CC_PERL_PHP_Ruby_Ruby_on_Rails_Python_HTML_XHTML_CSS_CGI_Shell_Unix_JavaScript_jQuery_Radius_UML_GPRS_GSMi-Mode_WiFi_WML_WiMax_SOAP_UDDI_Socket_WSDL_Makefile_Prototype_Six_Sigma_CMMI_EVM_PMP_Exams"></a>test_Title_Validation[Iteration # 8 : exp: Programming; act: Tutorials for LISP, jQueryUI, QC, D Programming, JCL, Computer Programming, Cloud Computing, Java DIP, Bootstrap, Lua, DBMS, QTP, Data Mining, Javamail API, MongoDB, Git, Swing, Objective C, Android, jMeter, Data Communication, MIS, AWT, SVN, TestNG, VBScript, MATLAB, EJB, IPv6, IPv4, E-Commerce, PostgreSQL, SQLite, SDLC, Assembly, Operating System, JasperReports, JSON, iOS, Design Pattern, VB.Net, Computer Fundamentals, JSF, C Sharp, Flex, GWT, PL/SQL, Eclipse, JUnit, Pascal, Maven, Scala, Spring, Struts 2, HTML5, ANT, iBATIS, log4j, Hibernate, JSP, JAVA, JDBC, AJAX, WAP, SQL, MySQL, C/C++, PERL, PHP, Ruby, Ruby on Rails, Python, HTML, XHTML, CSS, CGI, Shell, Unix, JavaScript, jQuery, Radius, UML, GPRS, GSM,i-Mode, WiFi, WML, WiMax, SOAP, UDDI, Socket, WSDL, Makefile, Prototype, Six Sigma, CMMI, EVM, PMP Exams]</td></tr>
<tr class="a">
<td></td>
<td>org.junit.ComparisonFailure: FAILED expected:&lt;[Programming]&gt; but was:&lt;[Tutorials for LISP, jQueryUI, QC, D Programming, JCL, Computer Programming, Cloud Computing, Java DIP, Bootstrap, Lua, DBMS, QTP, Data Mining, Javamail API, MongoDB, Git, Swing, Objective C, Android, jMeter, Data Communication, MIS, AWT, SVN, TestNG, VBScript, MATLAB, EJB, IPv6, IPv4, E-Commerce, PostgreSQL, SQLite, SDLC, Assembly, Operating System, JasperReports, JSON, iOS, Design Pattern, VB.Net, Computer Fundamentals, JSF, C Sharp, Flex, GWT, PL/SQL, Eclipse, JUnit, Pascal, Maven, Scala, Spring, Struts 2, HTML5, ANT, iBATIS, log4j, Hibernate, JSP, JAVA, JDBC, AJAX, WAP, SQL, MySQL, C/C++, PERL, PHP, Ruby, Ruby on Rails, Python, HTML, XHTML, CSS, CGI, Shell, Unix, JavaScript, jQuery, Radius, UML, GPRS, GSM,i-Mode, WiFi, WML, WiMax, SOAP, UDDI, Socket, WSDL, Makefile, Prototype, Six Sigma, CMMI, EVM, PMP Exams]&gt;</td></tr>
<tr class="b">
<td></td>
<td>
<div id="test_Title_Validation[Iteration # 8 : exp: Programming; act: Tutorials for LISP, jQueryUI, QC, D Programming, JCL, Computer Programming, Cloud Computing, Java DIP, Bootstrap, Lua, DBMS, QTP, Data Mining, Javamail API, MongoDB, Git, Swing, Objective C, Android, jMeter, Data Communication, MIS, AWT, SVN, TestNG, VBScript, MATLAB, EJB, IPv6, IPv4, E-Commerce, PostgreSQL, SQLite, SDLC, Assembly, Operating System, JasperReports, JSON, iOS, Design Pattern, VB.Net, Computer Fundamentals, JSF, C Sharp, Flex, GWT, PL/SQL, Eclipse, JUnit, Pascal, Maven, Scala, Spring, Struts 2, HTML5, ANT, iBATIS, log4j, Hibernate, JSP, JAVA, JDBC, AJAX, WAP, SQL, MySQL, C/C++, PERL, PHP, Ruby, Ruby on Rails, Python, HTML, XHTML, CSS, CGI, Shell, Unix, JavaScript, jQuery, Radius, UML, GPRS, GSM,i-Mode, WiFi, WML, WiMax, SOAP, UDDI, Socket, WSDL, Makefile, Prototype, Six Sigma, CMMI, EVM, PMP Exams]error">core.SeleniumTest:</div></td></tr>
<tr class="a">
<td><img src="images/icon_error_sml.gif" alt="" /></td>
<td><a name="core.SeleniumTest.test_Title_ValidationIteration__9_:_exp:_Yan.ru_act:_"></a>test_Title_Validation[Iteration # 9 : exp: Yan.ru; act: &#x42f;&#x43d;&#x434;&#x435;&#x43a;&#x441;]</td></tr>
<tr class="b">
<td></td>
<td>org.junit.ComparisonFailure: FAILED expected:&lt;[Yan.ru]&gt; but was:&lt;[&#x42f;&#x43d;&#x434;&#x435;&#x43a;&#x441;]&gt;</td></tr>                                                                                                                                                                                                
<tr class="a">
<td></td>
<td>
<div id="test_Title_Validation[Iteration # 9 : exp: Yan.ru; act: &#x42f;&#x43d;&#x434;&#x435;&#x43a;&#x441;]error">core.SeleniumTest:</div></td></tr>
<tr class="b">
<td><img src="images/icon_error_sml.gif" alt="" /></td>
<td><a name="core.SeleniumTest.test_Title_ValidationIteration__10_:_exp:_yandex.ru_act:_"></a>test_Title_Validation[Iteration # 10 : exp: yandex.ru; act: &#x42f;&#x43d;&#x434;&#x435;&#x43a;&#x441;]</td></tr>
<tr class="a">
<td></td>
<td>org.junit.ComparisonFailure: FAILED expected:&lt;[yandex.ru]&gt; but was:&lt;[&#x42f;&#x43d;&#x434;&#x435;&#x43a;&#x441;]&gt;</td></tr>                                                                                                                                                                                                
<tr class="b">
<td></td>
<td>
<div id="test_Title_Validation[Iteration # 10 : exp: yandex.ru; act: &#x42f;&#x43d;&#x434;&#x435;&#x43a;&#x441;]error">core.SeleniumTest:</div></td></tr>
<tr class="a">
<td><img src="images/icon_error_sml.gif" alt="" /></td>
<td><a name="core.SeleniumTest.test_Title_ValidationIteration__11_:_exp:_yandex_act:_"></a>test_Title_Validation[Iteration # 11 : exp: yandex; act: &#x42f;&#x43d;&#x434;&#x435;&#x43a;&#x441;]</td></tr>
<tr class="b">
<td></td>
<td>org.junit.ComparisonFailure: FAILED expected:&lt;[yandex]&gt; but was:&lt;[&#x42f;&#x43d;&#x434;&#x435;&#x43a;&#x441;]&gt;</td></tr>                                                                                                                                                                                                
<tr class="a">
<td></td>
<td>
<div id="test_Title_Validation[Iteration # 11 : exp: yandex; act: &#x42f;&#x43d;&#x434;&#x435;&#x43a;&#x441;]error">core.SeleniumTest:</div></td></tr>
<tr class="b">
<td><img src="images/icon_error_sml.gif" alt="" /></td>
<td><a name="core.SeleniumTest.test_Title_ValidationIteration__12_:_exp:_learn_act:_"></a>test_Title_Validation[Iteration # 12 : exp: learn; act: &#x42f;&#x43d;&#x434;&#x435;&#x43a;&#x441;]</td></tr>
<tr class="a">
<td></td>
<td>org.junit.ComparisonFailure: FAILED expected:&lt;[learn]&gt; but was:&lt;[&#x42f;&#x43d;&#x434;&#x435;&#x43a;&#x441;]&gt;</td></tr>                                                                                                                                                                                                
<tr class="b">
<td></td>
<td>
<div id="test_Title_Validation[Iteration # 12 : exp: learn; act: &#x42f;&#x43d;&#x434;&#x435;&#x43a;&#x441;]error">core.SeleniumTest:</div></td></tr>
<tr class="a">
<td><img src="images/icon_error_sml.gif" alt="" /></td>
<td><a name="core.SeleniumTest.test_Title_ValidationIteration__13_:_exp:_www.yandex_act:_"></a>test_Title_Validation[Iteration # 13 : exp: www.yandex; act: &#x42f;&#x43d;&#x434;&#x435;&#x43a;&#x441;]</td></tr>
<tr class="b">
<td></td>
<td>org.junit.ComparisonFailure: FAILED expected:&lt;[www.yandex]&gt; but was:&lt;[&#x42f;&#x43d;&#x434;&#x435;&#x43a;&#x441;]&gt;</td></tr>                                                                                                                                                                                                
<tr class="a">
<td></td>
<td>
<div id="test_Title_Validation[Iteration # 13 : exp: www.yandex; act: &#x42f;&#x43d;&#x434;&#x435;&#x43a;&#x441;]error">core.SeleniumTest:</div></td></tr>
<tr class="b">
<td><img src="images/icon_error_sml.gif" alt="" /></td>
<td><a name="core.SeleniumTest.test_Title_ValidationIteration__14_:_exp:_ru_act:_"></a>test_Title_Validation[Iteration # 14 : exp: ru; act: &#x42f;&#x43d;&#x434;&#x435;&#x43a;&#x441;]</td></tr>
<tr class="a">
<td></td>
<td>org.junit.ComparisonFailure: FAILED expected:&lt;[ru]&gt; but was:&lt;[&#x42f;&#x43d;&#x434;&#x435;&#x43a;&#x441;]&gt;</td></tr>                                                                                                                                                                                                
<tr class="b">
<td></td>
<td>
<div id="test_Title_Validation[Iteration # 14 : exp: ru; act: &#x42f;&#x43d;&#x434;&#x435;&#x43a;&#x441;]error">core.SeleniumTest:</div></td></tr>
<tr class="a">
<td><img src="images/icon_error_sml.gif" alt="" /></td>
<td><a name="core.SeleniumTest.test_Title_ValidationIteration__15_:_exp:_RU_act:_"></a>test_Title_Validation[Iteration # 15 : exp: RU; act: &#x42f;&#x43d;&#x434;&#x435;&#x43a;&#x441;]</td></tr>
<tr class="b">
<td></td>
<td>org.junit.ComparisonFailure: FAILED expected:&lt;[RU]&gt; but was:&lt;[&#x42f;&#x43d;&#x434;&#x435;&#x43a;&#x441;]&gt;</td></tr>                                                                                                                                                                                                
<tr class="a">
<td></td>
<td>
<div id="test_Title_Validation[Iteration # 15 : exp: RU; act: &#x42f;&#x43d;&#x434;&#x435;&#x43a;&#x441;]error">core.SeleniumTest:</div></td></tr>
<tr class="b">
<td><img src="images/icon_error_sml.gif" alt="" /></td>
<td><a name="core.SeleniumTest.test_Title_ValidationIteration__16_:_exp:_yamdex.com_act:_"></a>test_Title_Validation[Iteration # 16 : exp: yamdex.com; act: &#x42f;&#x43d;&#x434;&#x435;&#x43a;&#x441;]</td></tr>
<tr class="a">
<td></td>
<td>org.junit.ComparisonFailure: FAILED expected:&lt;[yamdex.com]&gt; but was:&lt;[&#x42f;&#x43d;&#x434;&#x435;&#x43a;&#x441;]&gt;</td></tr>                                                                                                                                                                                            
<tr class="b">
<td></td>
<td>
<div id="test_Title_Validation[Iteration # 16 : exp: yamdex.com; act: &#x42f;&#x43d;&#x434;&#x435;&#x43a;&#x441;]error">core.SeleniumTest:</div></td></tr>
<tr class="a">
<td><img src="images/icon_error_sml.gif" alt="" /></td>
<td><a name="core.SeleniumTest.test_Title_ValidationIteration__17_:_exp:_yndex.ru_act:_"></a>test_Title_Validation[Iteration # 17 : exp: yndex.ru; act: &#x42f;&#x43d;&#x434;&#x435;&#x43a;&#x441;]</td></tr>
<tr class="b">
<td></td>
<td>org.junit.ComparisonFailure: FAILED expected:&lt;[yndex.ru]&gt; but was:&lt;[&#x42f;&#x43d;&#x434;&#x435;&#x43a;&#x441;]&gt;</td></tr>                                                                                                                                                                                            
<tr class="a">
<td></td>
<td>
<div id="test_Title_Validation[Iteration # 17 : exp: yndex.ru; act: &#x42f;&#x43d;&#x434;&#x435;&#x43a;&#x441;]error">core.SeleniumTest:</div></td></tr>
<tr class="b">
<td><img src="images/icon_error_sml.gif" alt="" /></td>
<td><a name="core.SeleniumTest.test_Title_ValidationIteration__18_:_exp:_Yand.com_act:_"></a>test_Title_Validation[Iteration # 18 : exp: Yand.com; act: &#x42f;&#x43d;&#x434;&#x435;&#x43a;&#x441;]</td></tr>
<tr class="a">
<td></td>
<td>org.junit.ComparisonFailure: FAILED expected:&lt;[Yand.com]&gt; but was:&lt;[&#x42f;&#x43d;&#x434;&#x435;&#x43a;&#x441;]&gt;</td></tr>                                                                                                                                                                                            
<tr class="b">
<td></td>
<td>
<div id="test_Title_Validation[Iteration # 18 : exp: Yand.com; act: &#x42f;&#x43d;&#x434;&#x435;&#x43a;&#x441;]error">core.SeleniumTest:</div></td></tr>
<tr class="a">
<td><img src="images/icon_error_sml.gif" alt="" /></td>
<td><a name="core.SeleniumTest.test_Title_ValidationIteration__19_:_exp:_yandex.net_act:_"></a>test_Title_Validation[Iteration # 19 : exp: yandex.net; act: &#x42f;&#x43d;&#x434;&#x435;&#x43a;&#x441;]</td></tr>
<tr class="b">
<td></td>
<td>org.junit.ComparisonFailure: FAILED expected:&lt;[yandex.net]&gt; but was:&lt;[&#x42f;&#x43d;&#x434;&#x435;&#x43a;&#x441;]&gt;</td></tr>                                                                                                                                                                                        
<tr class="a">
<td></td>
<td>
<div id="test_Title_Validation[Iteration # 19 : exp: yandex.net; act: &#x42f;&#x43d;&#x434;&#x435;&#x43a;&#x441;]error">core.SeleniumTest:</div></td></tr>
<tr class="b">
<td><img src="images/icon_error_sml.gif" alt="" /></td>
<td><a name="core.SeleniumTest.test_Title_ValidationIteration__20_:_exp:_yandex._act:_"></a>test_Title_Validation[Iteration # 20 : exp: yandex.; act: &#x42f;&#x43d;&#x434;&#x435;&#x43a;&#x441;]</td></tr>
<tr class="a">
<td></td>
<td>org.junit.ComparisonFailure: FAILED expected:&lt;[yandex.]&gt; but was:&lt;[&#x42f;&#x43d;&#x434;&#x435;&#x43a;&#x441;]&gt;</td></tr>                                                                                                                                                                                            
<tr class="b">
<td></td>
<td>
<div id="test_Title_Validation[Iteration # 20 : exp: yandex.; act: &#x42f;&#x43d;&#x434;&#x435;&#x43a;&#x441;]error">core.SeleniumTest:</div></td></tr>
<tr class="a">
<td><img src="images/icon_error_sml.gif" alt="" /></td>
<td><a name="core.SeleniumTest.test_Title_ValidationIteration__21_:_exp:_yandex.ua_act:_"></a>test_Title_Validation[Iteration # 21 : exp: yandex.ua; act: &#x42f;&#x43d;&#x434;&#x435;&#x43a;&#x441;]</td></tr>
<tr class="b">
<td></td>
<td>org.junit.ComparisonFailure: FAILED expected:&lt;[yandex.ua]&gt; but was:&lt;[&#x42f;&#x43d;&#x434;&#x435;&#x43a;&#x441;]&gt;</td></tr>                                                                                                                                                                                            
<tr class="a">
<td></td>
<td>
<div id="test_Title_Validation[Iteration # 21 : exp: yandex.ua; act: &#x42f;&#x43d;&#x434;&#x435;&#x43a;&#x441;]error">core.SeleniumTest:</div></td></tr>
<tr class="b">
<td><img src="images/icon_error_sml.gif" alt="" /></td>
<td><a name="core.SeleniumTest.test_Title_ValidationIteration__22_:_exp:_yandex.du_act:_"></a>test_Title_Validation[Iteration # 22 : exp: yandex.du; act: &#x42f;&#x43d;&#x434;&#x435;&#x43a;&#x441;]</td></tr>
<tr class="a">
<td></td>
<td>org.junit.ComparisonFailure: FAILED expected:&lt;[yandex.du]&gt; but was:&lt;[&#x42f;&#x43d;&#x434;&#x435;&#x43a;&#x441;]&gt;</td></tr>                                                                                                                                                                                            
<tr class="b">
<td></td>
<td>
<div id="test_Title_Validation[Iteration # 22 : exp: yandex.du; act: &#x42f;&#x43d;&#x434;&#x435;&#x43a;&#x441;]error">core.SeleniumTest:</div></td></tr>
<tr class="a">
<td><img src="images/icon_error_sml.gif" alt="" /></td>
<td><a name="core.SeleniumTest.test_Title_ValidationIteration__23_:_exp:_learn2test.net_act:_"></a>test_Title_Validation[Iteration # 23 : exp: learn2test.net; act: &#x42f;&#x43d;&#x434;&#x435;&#x43a;&#x441;]</td></tr>
<tr class="b">
<td></td>
<td>org.junit.ComparisonFailure: FAILED expected:&lt;[learn2test.net]&gt; but was:&lt;[&#x42f;&#x43d;&#x434;&#x435;&#x43a;&#x441;]&gt;</td></tr>                                                                                                                                                                                            
<tr class="a">
<td></td>
<td>
<div id="test_Title_Validation[Iteration # 23 : exp: learn2test.net; act: &#x42f;&#x43d;&#x434;&#x435;&#x43a;&#x441;]error">core.SeleniumTest:</div></td></tr></table><br /></div>
      </div>
    </div>
    <div class="clear">
      <hr/>
    </div>
    <div id="footer">
      <div class="xright">
              Copyright &#169;                   2014.
          All Rights Reserved.      
                    
                  </div>
      <div class="clear">
        <hr/>
      </div>
    </div>
  </body>
</html>
